4 281 231 279 221
3 161 36 213
3 228 15 47
2 296 63
3 209 104 42
2 206 293
3 256 18 188
4 193 235 120 119
2 290 143
3 93 260 131
2 13 16
2 95 243
4 278 100 29 77
4 35 202 147 200
4 149 164 103 194
2 224 249
4 266 144 46 88
3 123 106 10
2 127 178
3 61 203 25
3 113 90 134
3 201 220 114
2 14 205
5 3 184 99 74 280
5 30 183 31 9 102
2 250 180
4 170 8 23 297
3 132 191 244
2 196 155
3 252 165 96
3 177 292 141
3 192 65 17
5 45 124 268 236 257
5 175 128 118 56 22
2 59 89
3 7 198 50
4 136 6 270 32
3 215 255 80
4 0 225 267 282
2 75 287
2 140 2
4 248 174 87 190
2 58 111
5 27 64 199 125 275
2 105 289
3 82 237 274
3 273 229 246
4 24 286 4 145
3 186 51 216
3 121 262 166
5 108 72 176 187 223
3 139 76 57
2 152 247
5 182 254 52 110 135
2 214 197
2 233 181
3 109 241 84
2 283 295
3 44 240 285
4 173 92 53 116
2 107 33
4 67 263 239 226
4 146 291 28 41
4 115 153 299 195
3 242 208 276
2 294 1
3 60 40 298
2 163 85
4 238 34 251 269
3 227 137 232
2 68 11
2 148 219
2 78 204
3 171 160 49
3 21 71 185
2 101 179
4 189 117 37 138
2 62 20
4 66 207 212 264
2 55 284
3 230 158 162
3 172 70 94
2 98 83
2 218 54
4 167 43 157 81
3 265 19 38
2 272 97
3 122 69 48
3 156 261 112
2 91 159
2 133 151
3 26 168 12
2 5 126
3 154 253 150
3 210 79 245
4 222 130 234 211
4 39 86 142 169
3 129 217 271
3 277 73 258
2 288 259
