25 6520 9028 440 8126 8189 9408 6920 3730 4966 4533 4697 5478 5726 6038 5171 5887 2326 3380 8202 1499 9173 674 4547 8123 4113
25 262 4232 1237 7052 2137 6915 2991 2627 1243 796 9482 5124 3672 1838 8433 2985 4740 5299 3167 5616 8755 4160 5075 6616 456
25 9702 3555 9006 5212 1634 6093 9875 7035 8496 6326 7567 7034 6556 6080 3893 7412 6558 219 2702 6518 8817 8668 3917 1014 4335
25 2007 4802 519 7616 3890 8170 8420 6025 1702 7612 1731 3939 6843 4005 3089 3756 6078 3936 1013 6319 2203 8270 5973 4325 6812
25 9099 9437 5018 8316 6261 2748 7300 2125 5025 8828 2794 6923 7827 5923 5600 7594 7474 8278 2357 3448 9150 9801 5514 6188 7808
25 4144 7020 793 6334 9531 1066 3348 9916 6699 2874 6762 6968 4646 1094 8532 7818 3714 277 1463 9608 8044 7348 6246 1198 8682
25 7904 7496 8914 7027 2393 8544 169 3284 128 7768 6177 9570 9866 5041 9023 3770 9619 2655 8131 86 3837 327 5469 9908 3762
25 2343 2056 7749 7109 4605 7210 4337 1299 6609 7993 1482 4545 8584 7270 4213 1676 6050 3176 8582 4326 6403 1422 3382 2892 1035
25 5317 2768 9068 9187 7969 6750 608 9178 7786 3430 1470 5399 2002 2032 9812 7131 7984 4036 1888 4103 5825 4876 7484 2547 760
25 4898 6863 5892 9441 5324 2897 5125 1903 1045 3915 4921 9013 9469 6173 757 7413 3398 3019 1317 3591 947 4442 5637 6023 2561
25 8452 2594 538 6228 1469 3003 1281 3166 333 4064 2803 1732 5200 8011 1872 8484 2419 5603 3800 9598 3998 5885 2859 4191 4069
25 7329 6227 4262 1912 9263 9417 939 2473 6284 3217 8768 7896 7137 8084 9024 6885 2675 6783 9802 6493 5529 8155 5158 9819 48
25 6363 3120 1252 9542 9485 1501 2602 3896 7525 5735 1445 63 3568 5743 9820 1500 948 635 3551 7640 774 847 9505 994 1795
25 5864 4987 8489 6149 4839 3750 2094 4166 6255 2278 7179 7177 1815 7866 4465 371 6194 6350 7773 2776 1397 1412 4237 4002 6291
25 2693 397 3407 8410 5570 3402 8987 2560 9174 7673 5646 750 3549 379 5596 6039 1809 3726 3678 3588 5315 8453 9765 5861 5730
25 1480 2698 9575 8455 5907 9280 3220 4900 2250 1110 3381 990 7403 6443 6962 5881 6572 2536 543 3842 737 8129 2809 9896 9197
25 6072 900 4665 5027 9304 6376 5775 5774 1043 9985 3192 291 9893 6046 1098 6878 3243 7398 4571 5573 1265 8130 4589 3614 265
25 5739 634 5708 4082 1502 1338 7281 1417 6837 4879 709 3107 5566 7344 5445 1403 8360 8135 1626 4461 3156 5712 3790 1786 7634
25 7003 962 8664 8545 8055 4043 8834 308 3231 5993 5818 1170 7093 3363 4564 2971 7171 2478 3290 6721 452 4702 9541 3633 3221
25 8606 6907 1899 5901 3644 242 1106 1020 9645 5122 7822 469 405 9971 3386 3958 4469 7264 1474 7247 8898 6816 2410 6704 9180
25 7882 4869 9009 7494 8161 6088 7823 4709 3419 6144 3954 1169 9278 7570 7349 2205 9019 9972 7362 7535 8207 7231 6416 3065 5295
25 8070 427 9333 7361 5108 2442 7001 8760 4602 2358 4772 6617 8211 4537 1264 6738 1376 419 8311 160 384 1081 541 352 6166
25 2298 5658 998 2465 8733 1438 6997 9842 4241 159 9384 4297 4806 5601 8250 1685 949 8003 3924 120 2238 7796 3131 9970 1074
25 3905 6564 986 5039 3922 4844 3701 1564 6352 4418 5777 997 9033 7327 7232 1783 953 8821 9790 3423 5114 3624 5817 578 3334
25 7314 1624 7279 4412 5064 5367 7055 2271 5330 7254 7985 1223 5906 621 9127 3528 2287 586 9878 4763 3270 6056 162 7007 768
25 2491 5393 2439 7207 9561 3682 15 4417 9081 5369 5939 6980 4636 6593 5504 1886 4660 2072 7926 6449 7715 4260 6213 575 2625
25 2735 559 3647 9031 6880 3417 4553 869 9753 5995 8671 1922 5466 4906 3986 8039 7013 373 5318 6990 2384 9454 2444 6682 2314
25 7028 8432 3989 150 3006 4613 3815 1832 2770 2273 2713 813 4490 9039 6043 4356 5911 3433 234 8534 9167 6565 7325 5576 1228
25 6462 8143 6242 3712 5033 6489 9403 8822 7070 3390 4285 6768 6221 6238 1182 1979 6157 3122 7897 662 6510 9117 6394 8415 7762
25 881 5159 4114 3838 5750 6053 393 639 491 5663 2816 6973 8136 2020 9274 5893 7676 9984 5846 7604 7538 3495 951 9312 9831
25 39 4789 6825 8905 7553 7392 7445 4019 1843 1076 9001 9025 8527 3740 116 3736 1316 5753 1176 6140 7820 5768 6464 2510 9647
25 9509 2352 3746 6312 6440 4255 6854 871 1178 8181 5986 5562 1483 3153 9448 5793 1859 2618 2153 9302 7038 2248 2004 4283 6324
25 3187 9844 8253 6978 582 9532 2437 3903 1678 707 3108 5948 2562 2988 9976 9217 3459 4672 1442 9832 4317 2970 5173 7256 6141
25 3864 4845 9526 6413 3350 4584 8256 4970 815 3009 675 3124 1997 7306 3075 3307 8638 2348 8050 7060 7200 4715 3953 3611 2291
25 8038 5434 5632 455 9758 9288 1580 3870 4509 2613 2493 5938 7731 7375 3683 8405 5741 1830 2464 3092 1130 4637 4472 7044 5839
25 6830 9986 5353 9653 706 2644 5722 1418 5705 2235 1227 1079 4105 1158 520 3449 5510 9322 5747 896 2 7831 199 6152 7651
25 5437 107 3897 8010 6531 3803 1641 9176 4920 420 9799 8986 821 8772 9125 453 859 9746 1019 9210 4910 8999 9354 1199 6631
25 4998 4612 1699 1579 2023 4599 2280 9343 1337 4261 2212 4440 2319 4146 4078 6276 6066 5179 1682 4044 9562 6853 2404 1861 7261
25 6362 4689 4848 6717 2402 6225 4754 3664 9207 5133 7566 295 9932 5123 2187 3603 3895 5304 5509 3226 9741 954 2882 4995 2494
25 8160 5480 650 9139 6197 8686 7934 2533 2170 4815 9137 9244 9446 5182 7258 4502 3141 9721 2041 9810 828 1987 9846 8215 5052
25 8991 2544 874 5657 8908 9504 6875 7540 1336 554 818 1757 2079 4875 4947 4540 6075 9261 6605 8491 1070 1992 8846 800 1174
25 3134 1322 8257 9568 1522 3782 3152 5128 5055 3666 2782 9545 8975 6266 3195 9823 7668 9185 5699 5006 2359 9749 6474 2145 3060
25 1817 2142 1380 3257 6742 9426 5696 3758 8442 3844 3299 6082 6800 4511 8425 307 3353 4125 1439 2598 8118 6600 5432 8594 3901
25 3198 7867 6445 2311 4324 1371 8436 5781 841 5795 8746 9695 3866 9918 783 1796 5992 8876 4346 5250 3460 3403 3556 8113 2376
25 4303 7806 7218 1802 6634 5951 2099 3620 4850 8428 7908 8751 8642 7582 7878 2858 6421 7613 1916 4562 730 6059 548 9736 3507
25 6548 3737 8080 2225 4618 7025 1052 7453 547 785 8440 3526 7488 8710 5878 1526 5650 6967 9838 8325 5342 297 9578 6487 9295
25 4996 3252 5303 7408 6715 156 879 9201 7508 3034 6477 2215 6528 1512 8691 7832 2889 5811 3127 6412 8406 8630 6304 3100 4208
25 8732 8699 1009 7457 9233 8073 5615 3522 5545 8309 3445 8589 7745 8609 5187 2566 4211 7587 8183 7663 9010 5931 221 2908 5925
25 9503 1415 8997 2690 6913 9012 892 6745 3680 1108 4077 9247 6132 5397 9694 2328 1495 4503 7411 2511 8766 7996 4745 5870 6881
25 9011 4046 6036 7815 4134 523 5485 2321 4474 9311 7129 819 6347 3341 9599 5152 942 9300 6049 3637 6327 8090 1849 9486 9124
25 9764 1146 9435 5130 3550 7977 7422 7965 6395 5672 9475 9273 2753 8865 4338 7019 2996 3783 2667 2135 3943 7712 3138 7492 8570
25 2881 7945 9889 9616 2213 2470 5468 8334 7646 3777 2171 2841 6117 8797 7877 8041 4057 5391 3067 713 3806 90 7973 6607 4764
25 7182 2381 7593 4497 2864 7089 2564 3867 716 5282 4128 1711 1149 3511 5036 7942 1787 5648 3765 7057 9367 7736 346 6456 776
25 605 1213 8234 7578 2691 574 9256 2484 276 7162 4428 1613 4342 5918 2033 8775 4826 8074 6733 7156 6209 7834 9495 1611 9461
25 1107 7094 9775 7455 4925 4458 1127 5752 1481 6040 3302 4955 3376 121 4411 9716 6722 5609 9709 8472 7147 5071 9867 1799 8191
25 6834 694 6124 4695 62 3476 1563 4576 5841 4299 7790 7920 3383 9375 8132 5642 9824 4711 8266 1156 4862 9325 8771 110 4746
25 2605 9355 3216 1957 7050 2430 1855 7592 7998 4475 8921 3854 2054 7245 3771 6940 4786 5958 2106 9650 1211 2503 27 6338 9924
25 6740 8343 6811 6303 2472 9208 52 1245 9759 5942 3579 2830 9262 3164 8330 2531 773 1471 6580 3210 7505 588 9962 6690 2546
25 558 345 9193 6542 7664 2035 2709 5636 1729 6799 9106 4767 429 7092 8310 7191 2557 5352 9450 9861 8864 9936 6786 1125 1399
25 2288 9588 3118 4274 6010 8717 5611 7693 3593 637 7537 9389 4328 3686 3069 2771 9194 3748 5208 7959 8151 8633 1513 4716 3300
25 9624 7728 7291 5105 2676 824 398 2876 6346 3339 9576 8162 5252 912 7955 4108 8190 2532 8331 5933 7260 4286 6137 564 7250
25 7476 1776 6288 1185 7590 4878 3175 9320 6367 3950 3456 8688 2779 607 2175 5331 7286 8916 5698 4534 5940 5930 2422 6208 4090
25 6382 9559 2524 3464 2636 7302 1475 6633 6749 7655 76 7684 9254 2885 7899 2253 2285 2568 3458 5461 8518 2110 3181 4963 3685
25 6581 1831 5578 6763 5213 685 2008 8936 8800 3333 4185 5493 5095 7199 5799 5383 803 7708 1363 5567 6452 1147 8158 3408 9404
25 1773 1686 8645 9479 2588 2576 6872 5086 8903 9258 6444 678 3616 6966 6111 2829 7462 9996 8906 9248 3622 3587 4655 1195 4406
25 7280 6943 6220 7644 1436 5849 9887 5733 3690 1217 6734 6342 9093 3788 1458 2554 703 3926 7811 7607 9022 5974 2961 4567 3259
25 8239 3703 2597 6691 9 2732 2789 9605 779 6190 802 5117 5620 2105 9783 9923 2955 2808 2244 8482 8381 4913 7371 3286 9092
25 7966 2648 5495 3619 3971 3424 924 9711 525 3384 2434 5308 7321 3814 4393 6081 1332 3078 437 8468 4775 2599 1393 2551 5067
25 2204 3191 5348 7986 756 8356 6758 2807 7266 9462 9656 4139 7149 7804 2614 9546 5927 6434 3140 5749 8354 6409 6232 8713 1942
25 7347 8061 1140 5203 7086 690 1845 7925 9762 8974 1235 4856 7722 876 7927 7544 244 999 3234 3047 5631 956 6420 6785 9833
25 3508 5984 6340 5045 9539 9493 6252 2389 9795 661 8579 1826 1675 8013 1505 1440 5365 3040 8122 3238 2590 46 8931 8323 7037
25 5156 489 5037 2022 5068 6204 4263 1557 5285 8575 3660 3059 6182 7087 3366 5428 527 173 2711 8451 193 6064 7276 1258 6453
25 5763 3066 8654 2160 4468 5608 3988 5205 5667 9085 1798 8196 1967 7002 7511 7 8706 3264 791 2949 4529 5012 197 6596 5734
25 1721 8934 5606 7121 9146 7979 6096 309 2694 2179 2222 4894 4350 7274 2640 4804 4353 5386 6280 2158 1925 6895 6243 1833 2182
25 2134 4614 9459 8327 2570 9717 4331 6185 3183 3661 6589 864 9988 6661 6944 1042 1077 545 2972 4102 4344 4223 1192 8948 1794
25 7373 4247 4095 2453 4493 8375 610 4707 511 2624 8209 9912 3662 3349 9111 9761 7829 6899 2673 3780 7641 382 8561 6454 7742
25 264 3478 2138 9507 5804 7949 1581 4010 9710 9045 7166 7406 5655 6732 8897 1954 7680 9699 4644 4563 6029 8795 6539 7023 8978
25 8464 6583 2682 1983 4600 343 4634 3631 1531 5990 9898 3301 1958 2838 9906 9351 8648 3450 6251 4190 3079 5583 8439 1088 9084
25 928 1614 2577 585 2866 9627 8740 861 2073 7043 7935 9088 3923 4361 2416 562 762 1828 3043 8109 261 9549 860 4358 7692
25 2591 4985 6249 7639 1011 7269 6716 6500 2943 6841 801 274 9845 9748 1044 2556 714 1294 992 2449 7424 3204 6604 7518 71
25 5426 9060 2021 8576 719 8809 546 2428 4457 8470 887 5035 5801 7874 5675 4315 8650 3995 4972 483 2401 1737 5502 5021 1021
25 4924 34 775 5543 8647 7752 5587 117 1246 7452 7489 2699 9938 6950 1668 5972 7890 7835 910 4151 9175 1718 7635 7754 2612
25 9489 4981 3566 8299 5727 8596 417 9070 1972 26 6904 2210 4616 1840 3274 270 8372 6713 9007 3481 9442 4591 8843 6305 40
25 4301 1341 473 8258 7304 7889 7416 4531 8024 7837 6110 57 7294 7036 5241 4595 176 3266 42 972 5290 898 7284 2331 6736
25 8721 5968 5084 7864 4209 5283 735 6925 3913 282 6171 1301 6700 9157 1222 2849 9955 9983 7994 2100 5483 472 9510 7703 668
25 4087 1932 2777 8995 600 4206 2063 1943 8725 3000 2349 4521 3273 166 6569 6065 9564 2265 5882 5245 5769 3470 113 5732 4675
25 9100 8366 9313 670 4983 2718 6909 7397 6643 5160 9693 9728 8435 8750 3892 106 7941 8694 9998 4384 5406 5651 9895 4175 2290
25 9897 7850 4323 9949 6374 2610 5343 7579 3073 6653 1961 8367 9744 7470 8804 1788 4429 7611 6918 8098 6008 9779 4142 4333 8035
25 5377 3965 4486 594 2334 5215 5262 2181 2501 1339 471 9091 7139 7136 5292 5459 9371 5713 1358 6739 4441 9830 3329 9253 2583
25 9444 1323 4751 7461 7033 9607 6802 3827 2396 983 8789 782 2436 7473 4266 3643 645 5096 8907 8757 6095 2664 6891 5954 3179
25 5321 9090 5900 6969 6427 3968 7367 6502 8317 4194 6781 1741 7377 3258 4678 7654 1606 8831 9050 9083 9394 2445 5851 5546 1058
25 6724 6933 5647 8165 5362 9536 8813 1684 8077 672 2233 7178 4601 4507 715 4226 797 4401 7542 2825 6054 153 1277 7846 7686
25 134 251 6250 5165 2097 9994 1117 753 8057 8117 2641 7110 3414 8803 6996 3142 3640 9668 4096 4765 7614 7124 4512 9714 4953
25 3887 6855 6759 5662 3454 8917 6942 3121 7450 2945 3218 3541 6062 5178 3344 2592 8604 1664 5113 2785 8637 8673 2677 1163 7259
25 2787 9612 7589 9862 6883 1506 7008 3863 3851 3605 9883 4276 263 7853 8296 292 3165 2195 2413 8321 7588 6176 6628 8753 4734
25 4532 798 1060 5905 139 4281 5373 804 1596 5641 2604 6757 273 6461 6637 6458 4416 4551 9577 4598 4444 5088 780 3553 4366
25 3491 4753 1695 5 7502 868 3465 531 4496 6121 5049 399 389 1388 589 987 9811 7856 3956 1201 4949 7090 3126 9585 8332
25 2984 1847 853 7983 6946 4744 8631 877 44 9048 8551 6862 6579 4550 5535 2994 870 8400 2435 439 1466 1266 5190 8379 3269
25 613 7100 8313 7720 9521 7901 2230 13 5409 8597 8583 1567 512 9237 5659 1053 7785 7586 6292 1487 9393 7951 5040 8271 1615
25 9751 5837 9834 1369 5595 138 4813 7011 6900 7924 4099 4164 6163 6438 2221 3727 8549 7386 6092 7153 47 2964 8329 8294 1689
25 1071 4625 4244 3816 1067 4050 6167 3437 49 6400 2443 1994 1347 1984 6906 7040 5831 112 6803 3819 1306 4433 9246 8769 4023
25 4450 6245 4322 3313 9484 9183 5286 3947 213 1312 4452 8361 331 1018 1782 7363 6537 95 6651 7873 6838 8228 9104 6147 6911
25 1594 4380 1311 5142 623 493 4574 5222 5389 7475 7211 2890 2712 9332 5827 9987 2834 963 6359 4300 1269 1326 4788 1844 2356
25 854 8079 9826 1073 8306 5214 6028 4186 3250 8880 6584 9291 9284 4824 8871 4176 9515 7794 1010 1394 4455 6505 3360 1416 7610
25 4184 8284 8279 8707 3338 2351 6695 404 6562 2906 5989 9309 503 3798 9960 6418 5519 9416 4797 1565 9977 5223 6836 108 5134
25 7318 4880 6439 4467 6529 7333 988 7938 8977 3657 1203 5792 8559 5862 2260 5568 131 5390 7236 5272 1026 3653 259 537 367
25 3311 5802 210 6259 6048 4049 5243 4919 9468 232 4781 9691 374 9235 4558 303 9224 7465 2123 8362 2717 1260 8018 8483 4990
25 3265 6159 9583 4766 6191 6203 1785 4903 1633 2703 4234 8303 4927 3345 2392 4040 889 4725 3582 7895 1619 3232 8810 1969 5370
25 288 2346 2839 9184 9905 3934 4109 500 2508 3483 1562 2163 6380 7022 6868 4071 2162 3554 5969 2475 9058 1283 2088 3794 7235
25 5625 0 1850 3411 5612 6234 7076 1889 5856 4395 392 8899 4696 6471 215 7354 80 501 534 9142 6183 231 2593 7437 1610
25 3962 7746 6578 4654 3634 5058 6650 9740 6499 2417 1008 3691 5363 8801 8429 5118 5427 5686 9326 8192 7382 9544 4760 9907 1716
25 8885 3623 9974 7622 1319 3391 29 1966 9321 9087 1694 8666 5210 9885 961 8153 1569 9071 9054 700 7045 886 5767 7699 9076
25 129 2374 410 6482 9413 1708 717 8071 1800 7770 8465 7734 3160 6955 7331 9131 1681 831 92 317 3119 4777 1435 2454 7503
25 8667 2877 2609 1587 1953 8540 3907 3834 5034 2043 8693 7727 6300 4686 6146 4656 9473 9747 4592 5227 254 1432 1892 6408 9269
25 698 6398 5078 7548 4246 3920 3823 8824 5547 4098 1549 5525 3413 4623 9458 8178 6206 9671 4770 8658 7758 5761 6828 8237 5762
25 3877 1724 3847 4388 7081 4722 925 2696 7700 7116 2603 664 2490 8062 3946 4423 6640 4081 6001 2318 3292 3757 5094 5313 2534
25 723 2549 1251 9069 6429 5456 8646 4041 9909 9181 2912 3239 6623 1063 8508 2801 1314 2240 21 4245 9042 9839 6044 5693 8059
25 1680 4632 5145 504 7523 8806 2861 8690 8267 6796 7709 4093 3332 9553 8344 6116 7564 5310 4400 4568 590 5848 8419 5168 3496
25 1725 8066 5176 9654 1175 8089 6459 4738 4415 2488 3500 1016 4956 603 6957 6575 3443 7605 2077 573 2387 174 4207 9487 7733
25 6169 9118 1935 1456 209 5003 3319 2747 4107 893 4374 6877 1677 4296 1244 4674 5193 766 1837 9227 8020 6751 474 7079 3773
25 8893 2722 3571 8863 8001 6954 4833 2742 1880 3401 2065 3373 7435 9696 8149 1152 7702 4409 5700 3372 838 1720 9279 2373 165
25 9451 1234 2519 8603 1907 9957 8336 6998 2921 1723 8859 5440 9120 6423 3104 3161 3570 5181 557 3564 9948 3285 9388 4258 4516
25 5679 7332 3592 1955 5101 7059 3574 8758 836 5540 4033 6632 6982 705 9778 484 4912 1986 2774 9516 3028 9604 4177 7396 5471
25 4029 257 4823 1946 1960 8910 2455 5202 9973 6765 11 3016 8280 6871 5385 9347 4538 4229 1812 5960 5338 4110 3919 8226 1947
25 5997 8619 5949 441 8478 9723 5430 944 505 6861 643 2076 2707 8307 2102 102 9063 9420 2446 7697 9529 4992 5852 5912 1779
25 3705 7290 3792 1853 8521 9669 3420 7881 4432 9873 5536 1434 4930 7869 445 8937 5718 3227 5261 4917 5234 4808 124 6223 5069
25 1374 2115 3493 6645 7802 3431 5405 4643 8610 202 8558 6045 5194 8462 8159 9816 5439 7338 9756 9064 6007 1289 4072 127 5669
25 4135 2155 7565 4820 2403 5059 5756 1034 3463 6290 4726 4111 5357 1426 1015 6193 8873 93 4523 253 5965 1193 4118 5564 2255
25 8625 8449 4387 3418 4994 7134 789 6773 9113 237 6951 9331 2440 5668 2383 9904 6205 1516 9287 2755 8546 9882 1919 2756 6015
25 3256 3557 1282 7793 1647 4124 3797 5785 6961 9314 9703 3473 4704 8787 4926 3820 3697 1103 9043 1661 8942 7928 8348 8612 67
25 3625 6463 7907 1465 9725 3397 9682 4327 9591 7433 8347 6189 1129 9457 3912 980 9763 1409 9701 8542 8082 1510 3111 7212 2144
25 631 7056 2652 1754 7513 8081 9538 8369 9537 6150 8858 6103 1909 4692 2781 2441 3287 6073 1493 2259 3143 1365 9387 950 8687
25 6526 8006 9679 5635 7859 6138 293 8459 7277 1523 1860 6550 4305 3527 7113 8969 7958 2194 9639 4641 7963 4967 6615 2850 9286
25 2147 8676 6627 4769 9817 2995 6033 6410 5418 7467 8607 7961 4248 3315 6345 4471 372 5803 7894 8148 8962 628 9629 4152 5294
25 3215 8411 1520 394 6819 8197 1485 6782 3811 882 6566 4870 8391 9847 5728 5372 8571 5232 6269 4957 6839 9743 6832 5623 8389
25 7196 2931 9508 3645 2310 4035 7047 5760 7169 2500 486 9514 2657 834 6888 9933 9110 2186 6330 1274 4838 9525 1592 84 4548
25 8565 289 2197 5238 606 5964 7495 1395 8651 7063 326 8214 6451 7698 4161 1324 4354 6215 2333 3442 6952 9534 4310 7816 8853
25 2692 2292 8247 1345 7401 45 4419 5866 9368 3038 8850 2697 5150 6017 8236 9432 7117 8431 6794 4759 4179 4343 2654 3457 8845
25 5593 6133 6360 73 5784 296 8376 8480 1238 8818 5966 3589 5955 595 1749 7058 3786 4670 5796 3255 1492 5403 1519 1218 3972
25 1188 3775 995 8892 2957 3944 8138 692 5224 7658 6685 2894 7138 6295 4008 2196 2459 299 7224 2071 2070 7677 6098 2819 2911
25 619 4291 9406 9053 2831 6701 8107 6784 3858 4408 9353 9427 312 7519 5359 4030 922 6168 9034 6417 2451 8700 6483 212 5867
25 8749 7374 4470 7006 8205 8301 7197 3713 1511 7776 3497 5552 906 6619 304 2121 5120 7842 6432 5137 3352 6945 7751 777 1356
25 2122 8808 2140 3081 1329 5271 431 5710 118 9692 1609 9891 5073 2746 7560 3248 5778 3636 494 6450 8569 3214 4858 1263 816
25 1545 3494 1736 7065 2010 7159 2101 626 5703 9179 9975 5886 9177 2207 2960 7911 2089 6833 2589 1443 4546 7687 688 5654 6703
25 103 9676 7125 3581 2653 3289 1173 8328 9149 827 3346 7135 1601 8386 1841 1881 9385 1153 1504 6022 9718 5074 9211 4945 7152
25 8786 7821 4638 3670 9242 2581 258 8054 4742 4270 1132 3112 3295 7486 7572 3707 5789 6490 4782 2895 9594 587 7500 8274 8139
25 3630 6322 9407 3861 6656 9610 6229 3245 3055 342 7916 460 142 4790 6538 75 214 5684 3612 6647 3013 7555 1461 8481 2642
25 5452 8072 347 4158 5364 2429 6694 4585 8644 2447 506 3076 6389 6532 4420 3772 1467 278 70 846 4153 3046 2668 9858 581
25 4148 8624 8203 7186 6436 7915 2804 1810 7469 5199 6840 3974 9480 7617 6551 3584 2132 7389 2705 5129 7158 7953 4712 7860 2306
25 7387 4112 3996 8827 6256 4630 3208 8238 7482 9864 6987 3586 8567 6311 7219 6889 2006 8925 4851 5161 9356 2036 1806 8187 7933
25 5151 252 2837 9950 2338 965 795 6097 8890 8957 5926 2282 3997 3873 5681 9533 7779 4039 2739 6929 126 3832 6063 3852 7483
25 1666 3186 4032 755 4794 9328 7353 386 2647 3087 9492 3032 4080 1865 5522 5103 3342 7119 2631 2257 6726 2935 7434 5850 7164
25 2918 7943 7576 5779 4277 3197 4743 2474 1250 903 1514 6587 2414 5590 1386 9453 9202 3711 5983 3428 1652 2350 5924 6118 4881
25 2499 6696 3379 7379 6011 7163 6162 2012 5807 4901 8639 7298 3027 9129 3395 7223 7292 1949 1709 6771 3885 8670 7369 2650 7791
25 5833 6664 9433 1120 5847 5269 2750 4256 4888 1402 4201 7717 1599 5614 435 4853 4530 2300 6770 2919 9655 7239 1713 5830 311
25 205 3150 1197 7774 3101 5335 8588 9438 8502 1017 8177 7024 1669 3434 7809 8943 7724 8613 9680 8052 1137 2619 656 5724 7930
25 2959 6466 3362 4196 442 2191 1928 7051 8363 5422 7581 1904 2738 8198 2700 1455 4056 5513 1405 3796 4877 7303 4451 3931 9044
25 8868 2412 3881 4573 3293 891 855 6822 4731 2322 1348 9381 5503 7615 7729 3891 5548 6113 3766 5823 885 3184 1835 5704 5350
25 5260 4385 6519 1468 5716 4138 9606 3049 4682 8825 8585 4364 9899 7597 2761 9239 6018 8504 9255 8956 2274 6240 5336 6874 8792
25 9663 9358 3399 1753 3642 9434 4394 9078 1791 8349 8615 5500 7855 228 9640 3426 6310 1391 3538 1921 7175 1851 542 1477 636
25 3828 4536 4091 2822 3168 8338 9463 6126 3505 9894 6626 1261 2805 978 8218 9941 5087 8194 820 4434 1333 9360 3558 908 3468
25 4647 4320 5896 676 423 1194 1383 4480 5309 3860 5857 8100 8437 4304 5585 349 2149 6446 1279 7215 1089 8009 3392 4257 1007
25 3163 3779 443 1748 4282 7014 6642 2535 7875 5798 7740 7632 5458 3535 8092 5099 1083 4141 9391 6898 5613 3681 3268 1913 3023
25 7892 2958 8365 8377 1384 5100 8068 9982 310 9160 8944 192 5474 6697 3594 9234 4383 7898 281 60 7082 6989 5688 2710 4004
25 2863 359 9410 5153 1673 3839 7069 6202 2369 6764 8802 4779 2117 4544 8947 5810 4137 9327 3260 4165 6296 2523 6870 8953 2209
25 8048 7584 6094 6708 7585 3052 2963 1139 3769 3977 5060 194 175 8877 8208 8412 5832 7216 1128 8374 6356 8221 3718 3970 5230
25 1691 2545 3147 8675 6608 3532 5298 5453 3427 1692 7241 2515 6894 1870 3688 1976 3037 2681 1605 1568 3692 6254 1829 488 7193
25 6108 2714 9989 9792 7405 695 8371 1820 8516 8820 6939 2974 5435 8939 3999 3695 4907 1769 7730 2891 6585 2177 3242 287 1534
25 5604 5932 8275 3531 2418 2268 1875 979 4737 655 7072 8326 9198 325 666 1335 3576 8401 1078 3416 3017 208 7456 5141 9754
25 4220 3960 4939 2853 4210 3617 1273 3543 2375 5539 6218 8352 7657 8370 5928 334 5345 4031 3687 5941 5605 3056 191 7556 8599
25 2261 8778 2495 3222 6388 1766 2823 4182 858 897 2606 9490 9136 5591 7847 5736 8711 4446 3602 4732 9755 6719 1407 532 8485
25 7205 4834 1968 754 5323 163 552 915 6976 1030 2087 5649 9292 9275 9935 4352 3569 8291 4703 1056 681 1991 6864 5325 1444
25 5950 181 3878 5897 4829 5755 5143 8320 1964 6000 9920 772 220 8879 2224 4009 4885 2164 1350 1658 9821 904 728 8000 7436
25 2382 7248 7012 4708 8634 8166 5976 9216 5139 4609 2552 5999 8945 8838 8060 7049 5876 6077 5413 572 7772 6636 6032 516 6947
25 5424 3054 1328 5501 2766 9890 5982 2066 6932 2736 2426 7209 3618 7836 6710 3375 9739 2342 8359 8293 9192 4195 5868 5361 3088
25 171 8543 1933 7595 9428 1080 5687 8730 1936 7395 3821 9595 8021 829 9506 6497 9857 8981 769 5015 3575 2038 1157 6431 6161
25 6514 745 7991 6552 7851 7017 6148 6170 7775 5534 1532 6508 3012 5910 7685 1494 5398 1284 1037 72 7066 5326 9659 5302 2516
25 9447 7454 1542 4473 2069 8392 1646 3178 9190 1550 8171 3244 8259 2615 9698 3149 2128 2243 6253 8590 151 2146 1023 9903 8913
25 5072 2910 3095 4115 3978 7128 7551 9865 2857 6775 4425 7409 5089 4915 8593 4741 5702 8927 5127 6612 7571 1863 579 4617 583
25 2082 968 2947 3145 923 4336 6657 4687 3850 9096 2083 1566 9547 8909 6317 4016 5492 4756 3321 4131 3317 9715 1978 4639 2469
25 8046 1302 6958 4181 9398 1001 8894 4424 5800 1939 6373 8091 9411 8315 338 2090 8385 9770 6424 9766 5909 6492 8493 8659 4379
25 7937 967 2092 7342 8506 7529 2792 633 8324 2865 556 6748 416 4478 3422 2482 7913 2312 2479 6887 7541 9141 2916 3849 6058
25 4942 7716 5671 7288 5494 8918 9483 9260 5112 8005 3328 6123 9421 2835 5026 4645 2236 9621 5218 3137 2307 6139 8463 9922 5155
25 8167 8812 9869 778 6370 9075 8058 3196 4710 6268 3306 7783 3799 1181 7190 66 3316 3928 3277 8042 8581 5007 7341 6231 8026
25 2112 4396 9338 6335 5209 5890 8103 2154 4825 8477 927 4086 7694 6153 4430 9151 5977 1167 5229 9567 4088 6142 6846 8677 9501
25 6181 5721 6960 9221 8346 8175 1715 3979 8989 9734 3855 5344 3716 5253 9871 2217 8064 2124 6744 2990 8290 3322 8958 1775 8883
25 9097 5894 905 6879 2341 1707 4549 9205 2623 5414 4946 7714 4855 8783 934 919 8848 9929 6804 444 3900 5638 3708 6192 5953
25 8736 7528 5783 1884 4066 6897 5433 2380 1050 2245 6741 2587 1036 2107 3498 2159 781 510 3888 1095 4365 9902 7978 4818 8959
25 6689 584 1375 7633 2987 6341 7499 5920 3987 3474 2093 5629 7111 9241 6869 336 5444 3649 5692 2251 1801 5332 7652 3883 4691
25 6935 4026 3205 154 4510 2573 5219 4311 8709 104 6035 7828 6068 9774 3857 8562 850 6546 7282 400 7675 6779 7624 7491 9377
25 6102 3114 9336 1101 657 6396 8357 20 1055 7630 3070 8988 5097 8252 524 5561 648 8043 3665 1988 3836 9502 5024 2969 2796
25 2379 5460 873 1591 8886 8503 3606 5748 4932 3948 2565 7358 3447 5172 1540 8620 9522 4705 6392 5871 6503 4052 3583 6983 7031
25 7253 7771 1114 3489 4224 3872 5899 2365 3323 4960 1558 6507 920 1262 5293 4895 8144 7661 8870 4482 6554 6959 8727 115 5441
25 1586 9530 9477 805 2509 8652 3520 3233 2423 4083 9658 91 5337 2317 9226 1868 8844 2751 6224 6071 8407 4950 9251 3158 6109
25 380 9153 201 9349 629 5515 1573 6972 4541 4121 677 2872 4180 1864 4413 1122 1584 4816 7097 9584 6198 2704 6984 2617 5550
25 3749 3041 1271 8761 5119 5050 7029 7964 1583 7546 3969 365 2813 1385 9362 2855 3410 9745 5419 457 6134 7884 6320 9361 4836
25 1816 843 3741 1242 6247 5455 1719 3462 2980 5235 3607 3182 5148 7515 9884 9636 2933 3425 2982 7705 718 1362 952 4204 8413
25 3061 7972 8779 6683 2925 8222 7351 7123 8519 7755 6120 1346 4251 2168 941 3174 6540 9687 2661 2555 702 4392 9930 5340 6850
25 2512 2832 7844 7701 9681 4891 6789 1429 6496 6047 4513 6130 604 5467 7737 7769 5300 2580 2723 2811 5883 3655 7336 1651 3438
25 2662 2214 8681 6472 360 9990 6143 6754 7140 5618 5563 3281 1134 3862 6860 3335 5985 5029 5273 724 9200 4648 1280 3563 5140
25 5619 8106 549 4 2315 9840 9587 7532 8763 7246 2460 2040 302 3080 1877 9931 31 5091 3031 41 7010 5765 977 5255 3959
25 2272 7143 1224 6965 2411 36 8776 8390 8602 2538 808 1869 4526 4979 1109 3039 241 3044 3696 9768 7018 4001 3035 2752 3534
25 7970 4628 5845 7064 249 7265 7278 4952 2790 9836 8765 5410 3400 3667 3638 6469 4714 6673 6273 8754 7204 3193 8047 5786 7568
25 9944 9240 6279 8793 8499 614 6457 3314 3486 2726 3572 395 8798 2046 9337 2769 5220 8887 4867 5005 969 9571 5880 1464 7399
25 2242 4253 739 2643 7872 7848 8075 1742 617 1183 2843 7981 3871 1900 8965 2724 5196 6592 9476 58 2294 3237 625 9772 7778
25 8244 2629 3291 5961 9566 4561 1948 6105 222 627 971 246 8034 3951 4973 4554 3764 4986 6563 1208 9386 1024 3654 2989 8235
25 2344 1318 6677 4378 8095 8114 749 1423 3130 9729 4051 3679 7201 3514 8855 9690 6430 6051 5297 9500 4991 8901 7226 9992 2844
25 8124 7427 3074 5488 6963 1268 3105 6570 1688 8796 8611 3378 5022 4923 6797 6938 7883 9911 7126 3365 8076 732 7378 9191 4405
25 5505 4776 9959 7289 167 2075 8430 7122 7826 5472 4578 9470 3545 2951 3846 6778 1756 6387 5594 7989 5824 765 9335 6720 7691
25 8402 8842 2011 1392 5251 7101 4821 3843 2301 3567 1808 7971 4171 7679 8735 7439 8915 8788 5719 8577 7154 4899 4989 2926 3155
25 3090 6034 4240 3976 8051 3063 79 1535 8900 1643 3628 284 3479 114 6667 6659 271 4650 5691 2658 3297 5248 4629 5624 9230
25 2198 6069 7868 5544 4582 268 9498 8832 8276 6332 4202 6707 2015 1059 2405 8720 734 6893 1454 9670 6013 1690 5538 786 867
25 3117 1525 8414 3368 597 9513 5773 5328 5236 8794 5860 646 1701 6422 3135 2267 5981 314 6622 6041 9760 8289 8860 1897 4449
25 5481 913 6004 8019 8689 2846 5826 1296 1233 7004 1093 3902 9449 1956 8743 976 3710 3358 8355 2378 770 9934 8500 2476 576
25 3173 9784 3180 4238 7636 2001 9112 6614 8698 9126 5057 4140 5066 5652 2666 6571 4150 3132 2868 3542 2055 1602 3343 5904 211
25 7293 835 2893 3879 6501 8632 421 3600 6390 4964 7141 8560 7108 2783 2176 9066 6020 857 5499 1656 8004 9499 1100 1390 8895
25 1572 6371 4854 6949 2029 2299 1650 5275 1259 497 6119 3412 5541 6180 2030 1102 6835 7402 4724 875 387 2901 3805 216 2836
25 1286 1644 4662 3723 4792 9372 2929 9637 6534 3097 4021 4376 1836 3830 7735 2024 1425 7323 9622 4559 6769 2814 9978 2683 7310
25 8745 6601 4749 2180 5106 383 3241 7841 8627 9805 8849 2915 2578 1761 4178 2622 9299 4318 602 8242 7307 6807 6351 9098 5239
25 1119 2406 7419 5109 4200 6975 1743 981 8168 3371 6337 6680 7444 4267 6129 6468 5701 3466 809 7192 3211 1906 5184 9140 3185
25 8762 9581 794 2579 6675 9602 6912 9072 3045 5107 790 842 7840 767 4896 5305 2998 7917 1896 2758 2630 4698 2258 6099 2368
25 6145 1295 5610 1575 7364 1372 1207 5707 1379 6882 6079 8867 2284 3219 3632 5166 2044 4539 9519 2952 422 3071 2621 3699 8976
25 6012 5394 9057 459 8487 3909 8533 7713 9550 4341 7906 9555 7603 7183 6263 6896 5257 9061 490 6019 6155 8854 5551 35 7391
25 4735 2111 6195 143 6031 9535 1839 1200 2216 3086 8635 4007 5759 1068 8146 4527 363 7857 937 3984 2572 2684 1882 6325 6399
25 8767 6921 2237 3990 8163 3461 3361 5473 7569 6404 1683 4934 7273 4719 9148 7148 2034 8112 555 7053 1361 2715 1462 894 183
25 1486 5031 9782 641 9685 2103 3336 6718 5306 1940 7127 9786 9212 3641 3552 4886 3098 6106 2337 5266 6402 7106 7682 9250 1999
25 6480 8417 1187 701 5162 2467 4795 1734 5307 5167 8920 8649 4453 17 5085 9917 4122 1704 9102 4230 2775 4435 9993 4162 9346
25 2119 3096 2670 1255 7744 9315 3533 7432 3374 9283 1028 8351 5177 9294 5008 8265 4100 6076 7161 2701 85 8782 2875 5575 9843
25 946 3689 5327 4371 5978 5183 177 9370 3937 3675 5249 570 2956 3824 9419 3506 1738 1396 5132 8547 1755 7767 5952 5392 7000
25 7322 1917 8438 3513 9551 5265 8922 4587 364 7750 7308 7992 7756 540 1574 2095 4861 2016 2329 902 9954 6908 9794 5959 4089
25 654 5048 9726 3732 3927 9757 1867 7849 3886 8028 3761 2571 1086 7550 1305 3992 7512 6006 8101 9329 5598 8384 1239 3635 3224
25 2978 5164 8454 4596 507 1287 1368 8538 6002 6061 807 529 2528 2151 7947 8963 5198 630 8972 428 8195 144 9683 9232 3022
25 2806 4658 4525 279 2930 6513 4104 6199 989 6780 4581 7602 8288 5678 551 61 3621 710 8641 227 9169 6278 7800 1496 2954
25 4884 2847 3469 4221 3136 2345 5371 2150 2688 653 9460 5854 2687 7726 2518 6298 2922 4382 3530 4929 1349 4874 6753 9943 7337
25 2741 7620 4978 4977 9431 9603 2851 415 492 7952 544 3288 3171 2296 3523 863 6283 1133 132 2354 6344 3613 7995 6665 6348
25 447 7638 2457 7623 2096 8985 5206 8446 136 3604 1410 8617 96 8964 2743 2917 3228 6827 9243 2728 4228 9582 74 4239 5000
25 5895 1003 5102 7507 2303 53 8537 1714 8505 7805 4557 9472 2870 771 449 2708 3930 560 6379 8398 6257 2997 1206 4154 8722
25 4163 8526 9281 960 320 6486 1437 1973 6361 5131 6411 8027 9632 2639 993 2295 8684 5872 186 4840 3354 2485 4169 4492 5518
25 9788 8014 4485 6994 7637 7649 5842 7662 1645 3024 6219 9259 4976 275 2256 9660 1959 1858 2363 7130 8983 7689 6287 9245 8704
25 4460 9238 9378 6042 9008 2231 2320 4203 4334 123 1097 764 4652 4084 6478 7360 2361 704 6512 4236 6795 3453 528 8994 350
25 7798 1625 5093 5812 6852 1040 8815 4101 8169 5144 235 3320 2797 9290 8152 5963 2812 8457 6919 1357 50 3663 2854 4012 7561
25 448 6555 9382 3908 9868 1449 6236 3684 3537 4198 4606 1971 1990 6128 5498 1272 4349 7543 1257 8662 6842 3865 2263 1628 8663
25 2522 7443 3704 6810 1772 7299 9133 4791 3202 2900 3706 8816 5579 651 9876 7982 5836 3916 4812 5358 2431 2940 2529 5553 5572
25 3548 3652 4961 2305 7760 8955 2967 4787 9677 3251 3048 341 8539 4017 6375 7690 157 4980 1758 3719 1852 5737 4747 3008 1551
25 3330 78 5934 7922 1950 4736 616 6709 4822 68 9859 4368 1389 2424 3370 98 2211 3793 6174 418 5046 9737 5448 8179 7659
25 3982 464 9303 7950 4170 8140 7629 9456 8773 4259 9881 2126 9631 5351 2914 3952 1267 1848 8471 9750 5645 8889 1377 2965 5174
25 9689 9965 7088 751 2241 1370 8418 5360 2685 6003 9132 6586 4347 4427 1033 4067 4214 3768 6233 866 4849 7886 6294 3492 6684
25 9967 7448 2433 2550 3512 1560 1825 5725 3482 2471 812 7824 687 318 2047 7931 2898 536 3608 2019 4314 7062 7574 2025 1657
25 3206 5917 4149 6393 5329 8 7208 3020 8679 6277 1521 2114 7459 5521 8088 746 7046 8574 526 43 482 2784 1750 9162 1431
25 3940 9735 4937 1000 3651 8467 7830 1995 8314 8674 5497 1593 848 406 4155 7757 4935 4860 4940 7252 5549 3808 1726 6460 4147
25 5674 3435 7340 5279 5855 3759 5110 3510 148 5216 4397 563 2824 6364 3899 899 1315 8628 3700 6561 7172 233 7504 217 101
25 19 2802 2505 4784 1160 9186 4332 8961 8535 8373 5020 1539 2563 2585 1497 4882 4518 6377 5496 4280 4106 1135 8383 8552 1113
25 8353 4868 1004 2064 6970 30 596 8210 8563 1032 823 2632 1854 2059 5729 3230 8550 8791 6260 3324 6175 4908 8996 1359 4615
25 1908 3610 2932 9154 3304 178 1697 1489 2152 2689 6535 7039 8636 1805 8219 3932 2371 1930 9114 3267 8333 8445 5772 4308 6306
25 1554 7957 5017 4386 3083 4047 1065 10 4000 8427 3639 1327 1210 8856 2817 122 1226 3826 7765 673 3961 6415 7233 3502 425
25 7501 2840 9956 4038 3062 8212 5715 9825 1051 1970 8032 518 9465 3818 9340 6297 9730 4651 1561 8137 1541 6986 430 8065 6594
25 1155 8587 7334 9966 5874 3203 4622 982 6641 5429 4217 1212 1620 763 1064 748 9850 1824 8337 3778 2165 7838 9464 3235 852
25 4340 6639 7852 8128 8705 5395 7339 4063 4130 8509 3005 1637 8342 6186 7441 5987 2139 5558 475 1703 7706 5788 7801 684 4390
25 7181 2946 5967 7227 3369 6714 7558 3247 4348 3546 2992 3357 7721 8147 1623 1118 1616 2764 6766 7343 3 3340 1105 2537 3516
25 3139 5580 3146 1636 1993 7451 133 1304 8199 4809 9620 4800 9771 3835 2489 7446 8134 909 6156 9445 184 3738 649 6414 2502
25 938 7516 6485 9077 8492 5592 7667 2148 660 4683 2201 8497 4669 4289 1321 6433 7142 1171 7430 2084 1556 6867 9872 9712 5098
25 3091 1705 8536 9249 7527 6089 298 4720 9590 4477 4037 7103 2848 7609 6848 7118 1898 9560 7643 9672 432 7295 4649 6545 2461
25 4575 3262 8243 5776 1191 5442 5170 495 290 7073 8979 2167 2407 1202 731 5010 8756 6527 5559 8949 5975 8476 424 3941 7719
25 1057 1428 8836 6635 3201 533 9156 5819 4269 9168 2905 8861 6158 426 8133 1765 1310 4552 5346 2388 2397 9651 196 388 4586
25 1989 577 7316 1672 3925 515 5163 7477 3110 9797 6999 9390 955 9415 3693 7021 4783 9787 5347 2514 8223 2009 6646 8840 451
25 9586 7168 9301 272 1589 1797 1457 8447 7723 2052 7213 6790 4778 7683 5378 5477 8063 9634 7647 4889 5806 8640 8764 4865 2133
25 6792 7468 315 9330 4287 7627 1693 1400 9018 9942 8277 2856 9101 6282 5211 7600 5446 1524 5677 130 401 7599 6725 7075 8954
25 3487 245 9719 2421 2270 6629 8923 8230 3785 7442 4515 4631 7506 3172 4543 8731 6981 2486 8952 5258 5873 5296 2862 4640 2913
25 7787 14 3646 7048 4398 2818 5476 747 4922 9466 682 9961 1453 3518 2347 1507 3789 6258 9266 7819 4505 5486 2003 6706 6668
25 8016 8308 9402 4454 3650 9439 240 8416 3115 4173 2028 3524 5944 8515 6354 5076 9707 9951 8857 4863 4635 224 8469 1508 9189
25 9455 9055 1424 7522 8714 7074 8069 5002 3480 7797 1049 8852 2880 9056 161 6728 1891 4268 3983 5464 7275 4733 5083 508 4494
25 7345 6602 3656 7151 7384 478 6239 9374 7601 9079 3190 9134 6568 8911 6343 2136 8174 8966 4501 8941 5656 4022 6806 8513 568
25 7105 9666 7404 6237 1151 9633 926 3673 9776 6702 5276 2633 2601 9195 8896 5569 2651 9592 7407 550 2873 736 2810 5884 3776
25 6729 155 6210 4799 7157 1834 2754 9107 6386 6672 4389 6357 5400 9945 3177 4302 3573 883 7115 6425 2409 733 3432 7458 5157
25 1823 1698 6481 6428 5971 3945 294 5375 914 2327 5381 3840 1220 4565 6308 4439 5457 4721 9305 4798 4079 2157 9642 438 2759
25 2289 2820 1915 7665 9424 1029 9089 2129 4172 2821 7880 7155 4535 7739 7357 2507 3813 147 2394 6937 1706 826 9614 9915 3833
25 7394 4928 8015 1762 8473 3279 569 8904 5599 5421 5079 1998 6776 2883 514 6318 3455 3093 8938 9980 7198 5644 5264 4426 8950
25 6495 9520 5356 4713 2220 9004 4959 7948 1441 6992 1005 3809 3488 8023 7524 3475 8626 5945 8968 7559 4272 1649 8302 5665 799
25 8525 5339 5169 7078 7095 2626 1184 9373 7479 2720 9752 7187 238 4018 4219 3880 4313 740 7393 6114 7359 3001 9910 5988 3559
25 8156 9310 1617 3015 890 5019 4796 3648 6201 8744 1313 6752 1654 7428 5790 4666 4126 5690 5438 8829 2541 8752 644 2143 6610
25 5626 6014 9365 1752 1883 6222 8193 6941 6956 4729 7902 1635 485 3409 3225 973 9257 8422 2130 5929 1571 8318 339 2496 137
25 5664 188 1179 663 5470 1022 7167 4055 6127 6890 409 6727 5061 2719 4755 6674 742 2567 6948 5244 2031 4215 7626 9593 6016
25 9979 3742 7944 2886 6270 9809 4188 7858 9270 7041 2228 1747 7782 9067 3444 4951 5523 8494 8229 7606 9225 4717 7042 3072 5621
25 4306 1334 553 8173 5617 5449 4699 7222 9422 9491 4199 4528 6262 2466 6815 2232 9852 5680 1115 2254 1012 375 5919 5226 1320
25 4572 4664 87 9720 3668 7203 7888 8600 4362 3659 5764 1253 1529 2638 9940 4504 3327 2172 5574 6286 2944 6151 1538 2923 5531
25 1433 8823 7669 5491 2086 8094 8182 5577 1148 8305 9062 3194 9665 4360 3702 7296 1717 3053 5582 5287 5259 1533 7249 7372 1763
25 3310 8692 1293 1712 5225 9611 1351 3735 8940 3021 9952 6091 463 8728 9209 5666 4252 8695 1536 8241 1871 696 7914 6384 3752
25 6491 5581 2649 6426 4294 4739 1767 8811 8490 125 6926 8186 9808 2939 7999 8591 7650 5135 3033 5565 4974 620 5754 5436 7910
25 8458 2266 624 286 711 2335 8030 8993 248 9016 7696 1364 1111 7980 8408 7326 32 8805 2731 1770 5524 2492 3973 9804 693
25 1934 8872 8881 5231 2678 4758 5628 3240 2385 752 9860 5723 3720 6856 5994 7618 7660 565 2665 2463 9968 4421 1663 4174 7732
25 4872 9252 8466 6760 4414 6595 5853 8888 6730 5766 4402 7214 1123 1980 3671 1768 9268 832 5780 3109 811 3869 206 7268 4205
25 8784 6323 2904 6924 3698 5771 7185 4943 9793 9914 8086 3436 2979 3709 4422 6067 6813 407 2976 8216 5816 5484 6557 8249 2896
25 9144 679 2275 2586 7425 593 2860 6533 1774 7206 6723 8841 8984 3261 7554 7490 8770 7539 6517 9369 5670 5278 5246 4911 5889
25 2646 2313 1811 9785 4668 5542 4883 7421 2950 3212 9316 3051 4835 4893 9827 8444 7096 1291 450 9119 2104 3787 3014 8204 1722
25 7228 2304 7320 720 7825 1876 1938 8891 7814 9123 5956 3598 6993 6866 5267 1553 2569 9440 7385 6630 4003 180 9618 6385 1452
25 7487 9953 9219 1622 8951 8424 9733 145 2607 4890 5720 7839 1598 862 4661 561 9128 4006 5277 3282 7493 5844 9380 8967 8605
25 6 8862 4597 239 5240 1275 9196 7514 7449 4814 7180 9436 2799 141 6465 1006 4619 4075 916 1204 9854 1038 9293 3283 6541
25 4127 8553 7810 3841 1142 1784 8245 2780 8738 5149 2899 3169 377 5154 7549 4048 4499 1164 2513 8393 83 4466 1700 601 9848
25 1041 9318 3312 5877 9206 3856 7173 9350 3499 9409 3544 6052 8213 9913 1069 4447 3918 9229 1790 306 814 351 4233 8201 9082
25 3337 2879 2540 1002 1923 7112 105 9412 6522 4345 89 7891 9236 6265 6397 1503 9732 361 3441 1679 9700 9767 856 6679 2749
25 8785 7718 9705 4193 4681 3525 9418 9688 8523 2884 4846 3724 5863 8350 4119 77 6652 5312 4355 8056 4157 3725 580 8614 6285
25 4944 470 2178 2355 1430 3440 3318 612 2169 4042 236 2246 839 5746 4073 4962 9014 8578 2828 4805 7356 6230 9806 8017 3503
25 1270 9596 9678 4464 2057 2200 1303 321 9518 8530 9517 2968 5387 5376 4556 3807 671 2521 5188 9317 2058 5032 6358 6985 25
25 1367 1827 8556 3889 6611 8777 2477 3385 3406 3308 9027 1112 6368 4061 4271 8723 7795 7107 3884 319 1926 7510 6333 4873 6101
25 4249 8573 300 4611 3275 8364 1491 4488 4819 2045 9020 7071 7032 7244 5554 9870 1340 5263 4015 2973 6767 7229 6849 7780 2663
25 6470 9017 1298 9037 1241 3745 5233 9359 8780 6655 4319 5560 2584 2014 8164 4761 1739 7990 2733 2788 5191 7464 8875 7912 6953
25 1459 5001 4399 8912 5077 3817 7575 9005 2377 370 8093 865 7862 6805 6328 4914 8724 2185 2161 5962 2981 158 4560 8096 5334
25 7653 888 285 6289 6859 4771 2067 7217 1727 8933 7383 8388 9049 7799 1696 8878 100 851 1498 82 3125 5185 5316 3396 5463
25 5694 8568 4520 8998 7625 4677 6026 9115 9161 4866 348 3747 6903 247 722 7670 2362 337 8618 8002 513 9164 2740 9644 3911
25 5044 5314 4864 4309 8874 8007 9724 8268 434 9886 6606 918 2395 7656 385 8295 4785 8341 2734 7704 149 7271 7030 8629 8595
25 8272 2468 4679 2815 686 7481 2966 8312 9306 5349 6599 6845 6686 256 5602 8233 8665 2339 9430 8120 38 9298 7759 203 2548
25 7431 9661 5402 2600 697 3580 6488 725 5937 6746 7738 1355 8025 6009 8517 8748 7861 2324 9673 1229 3804 1408 3377 3154 5782
25 7438 5274 6476 3305 6301 996 1890 1360 6293 2085 7596 7987 353 6074 6366 6858 7526 4159 368 8273 5731 5189 2184 5537 788
25 3980 6309 3728 9414 6524 9285 2226 5280 5175 243 8919 2680 1552 1247 830 8529 8580 8260 9563 5742 1885 9002 2937 8992 3906
25 2517 3975 3674 7080 6648 6756 4133 4904 5822 1730 2791 6979 8255 1856 4456 1527 8621 4373 6598 391 403 4933 5903 9199 2049
25 7741 3910 4330 4404 5512 622 4965 4916 5744 5709 1937 6809 4680 4579 6844 5195 7429 5404 2247 1662 4279 2948 9999 5420 933
25 2721 1092 8799 1398 4013 5450 8283 7091 1659 3200 8474 7220 2005 7863 5921 5633 6618 9094 8421 2757 9925 9395 9731 9397 8319
25 9814 4484 2229 5070 1687 1621 1145 2432 2308 1230 4837 2867 7545 5584 4803 5865 4487 7381 2026 7472 109 8701 4369 33 5530
25 7285 4058 9364 658 3128 9121 2902 3933 9837 5333 6670 5843 1807 1929 9073 433 9401 1451 6104 2192 1087 9652 6590 6995 301
25 1975 3829 1091 8486 2595 2340 1290 5682 1818 1048 1952 5622 8729 4841 2744 5038 6886 7631 5630 4275 6777 7145 2013 4351 305
25 9648 8511 3763 9597 4250 4097 6523 185 6711 480 8781 2283 8286 3356 4295 3875 4498 4608 9926 4663 8656 3547 4438 1075 9471
25 964 6743 7221 2763 1249 2530 8099 8141 5407 9777 7645 7067 9059 6267 966 8423 9835 7666 4187 9108 5676 3722 1297 9601 1186
25 8655 7997 1039 1578 8734 1373 7132 6455 3099 5487 146 9888 3068 5411 4225 6316 465 7305 2975 3812 3272 8514 6331 4774 9366
25 825 5462 6355 2520 6613 3477 530 5431 5374 1781 5379 3002 7114 8049 6275 6847 3585 8715 3964 5366 5368 1062 6829 2109 6441
25 3359 8078 7195 1631 6271 8680 3036 172 2558 4938 8097 4620 8037 7368 4693 2888 7781 4410 8790 1450 840 5532 6087 381 4603
25 6902 5482 3753 6791 4278 1124 2706 9130 535 5740 2525 4508 8261 1413 4053 4339 7174 1735 9116 1585 7061 7388 5875 7242 7854
25 7711 6560 1401 6574 7312 8045 7608 1205 4024 226 9342 5714 23 51 4321 5556 5355 9223 3626 2778 9841 4312 7355 55 9152
25 54 2999 9958 9963 2553 8185 1144 4391 5116 5511 8807 2936 8085 7237 7225 5320 4059 7870 1962 6831 119 8982 6115 7956 9921
25 9880 8702 9851 2798 6737 266 2852 6823 5443 1846 4566 1745 7642 479 4293 2869 9874 7803 7960 4136 7189 7909 7534 784 2074
25 9220 9030 7520 7932 2506 4483 8884 3271 9557 1648 8498 4117 2635 6620 8507 9334 3963 7763 6506 1543 69 4626 8142 7954 8598
25 8251 8380 2262 4847 6226 1488 2293 5797 7243 8531 9927 7297 9512 1911 9297 6037 5916 5023 1951 3393 8592 3236 323 5571 2977
25 6621 8643 3278 2539 4085 9425 4381 708 5555 2048 6851 5820 8623 4827 6597 817 8460 1231 3955 3364 2745 218 5634 8067 5821
25 3801 3509 9697 6826 7352 6084 940 8522 9580 5996 6662 2081 4437 8083 2370 2060 1842 8368 6448 4524 414 2907 598 5914 5913
25 6467 5186 28 2953 1509 9641 1759 4168 2481 3994 2903 1196 1404 2456 5380 3007 6307 2227 5322 1629 1515 6798 7946 3501 5138
25 5490 7328 8188 1874 5319 5254 9396 758 4116 3744 8726 5013 9877 2924 4120 6391 9727 5859 467 2450 1366 3929 8456 9828 5062
25 164 6914 8932 7648 5533 1974 9969 5454 5695 283 1159 8935 6772 5201 1025 6625 9272 1608 4377 3831 8426 7234 4068 9686 9798
25 1216 2462 6187 4443 4445 1638 9171 369 2559 5557 3565 3781 2189 6515 2634 9684 1518 7761 9708 8053 4684 3904 7748 8240 8819
25 4810 7447 9276 2941 2068 8869 7009 8217 2286 9296 454 1963 3170 3822 9803 5063 9323 8510 9228 487 6419 2762 2772 8601 5813
25 4054 2983 4273 1655 7788 462 3561 4167 1027 4594 7921 6735 9556 3309 6666 9738 7415 1632 3351 2786 9781 2118 9135 5717 3848
25 6131 378 6313 5047 3439 411 2309 792 4902 930 3601 4570 7974 4905 9853 3325 3784 4216 1792 9674 8335 9662 6698 1642 1744
25 6365 8741 9573 9277 8300 7619 223 5660 4688 2920 3991 1931 1671 9995 1740 3490 8928 8157 6299 8176 7085 3993 6576 5479 6154
25 7563 2367 8946 8358 1927 699 2542 4522 7887 1309 5840 6160 6030 2448 6964 189 412 5838 8036 7876 468 2543 4500 9548 5653
25 3213 9626 917 7743 2660 8225 229 1154 9964 7485 8409 7580 7104 6974 5053 1751 2669 1612 6787 3874 1054 5738 8105 8441 4948
25 7133 4316 4685 958 4076 6085 3452 5065 9822 3133 9036 6381 985 689 4123 2425 9892 18 5597 2608 8110 8119 8127 1387 932
25 7536 2141 88 7144 4971 4892 9664 2878 2674 8479 5092 5683 1104 7547 5396 269 4025 2827 8719 5043 4857 4931 7471 1473 6378
25 8718 8200 1448 5281 9713 3467 1084 935 8033 7792 5946 638 5447 3739 2934 190 3914 6543 9789 8443 3162 8566 8224 4448 2767
25 8683 9032 2364 5970 9363 357 4014 8737 7423 4936 2302 6442 9095 6676 476 2760 7591 7480 4359 328 9344 230 5417 6669 6349
25 2018 2050 5217 8180 9423 592 7577 3825 2526 2737 3627 2645 3451 1085 974 3367 6747 2353 8287 7478 943 7202 4065 4580 5475
25 9158 744 4363 7975 8835 721 2199 6024 1764 6567 182 9307 9769 4034 7335 255 4897 7165 1894 9203 207 477 3615 7552 7962
25 9780 4593 8029 5090 8882 8102 3094 5147 9352 4627 6705 3157 1893 8154 4653 1254 2281 4242 1479 7350 8554 9617 4958 2695 362
25 9657 6070 6624 408 390 5751 3967 957 7026 8520 3446 7531 324 872 4290 1559 5192 9443 1116 4264 4060 6873 3229 6988 1
25 7267 8548 6588 6654 7865 7929 6731 6406 6930 7777 4132 6824 6217 6302 5289 642 9383 8774 3942 8022 340 9000 6475 3294 1582
25 1215 2080 3935 1548 6135 5425 4491 3981 1162 4094 1778 9046 8012 225 9928 9856 2686 4832 3129 4828 4975 5115 4542 179 2166
25 6281 6678 2596 5080 4968 8564 9900 5341 1771 4843 7301 6821 6658 1604 6435 5607 729 7463 7366 3404 7695 7879 8115 3159 9609
25 2316 8227 1789 4218 9565 2156 6504 2487 5051 6591 4479 2909 6136 1547 7150 2202 9357 6905 7311 1857 6917 9497 3199 8839 4984
25 3721 7176 6060 413 9015 6090 1232 7238 9405 1981 9625 9319 6582 4871 8031 1382 6083 6107 8851 6681 9722 2408 7725 2325 3536
25 6055 5643 329 6660 6212 1814 4748 659 3004 5588 2725 6184 6383 7400 481 4671 3755 1082 3540 8404 7346 2127 4231 2504 1670
25 4673 4092 6272 5902 880 7967 4459 4887 7099 1427 522 1821 1292 7272 2942 4514 2098 9554 1813 2773 669 9706 5301 7319 1879
25 7460 4659 9400 9667 3669 4020 7370 4372 591 3629 1965 4817 330 8541 8475 9947 9341 9494 9791 6405 9528 7533 2672 5943 1546
25 6353 5054 8971 9773 1256 6125 6814 9155 1219 4288 9213 3084 8660 4727 8980 2264 680 9065 4859 6372 6057 7530 6164 3077 4773
25 539 2332 1126 9800 1406 1895 8387 6544 567 8399 7016 9145 1161 2239 1447 2611 8524 9105 6479 6774 3298 8403 7330 9574 1325
25 355 6241 1982 1887 5354 1517 1777 9649 7077 9026 6553 322 2729 4690 6788 7628 4954 2131 260 5111 4489 5828 2574 8557 7678
25 8395 2366 5423 4222 6671 9628 2234 8322 1537 2190 8298 7573 3249 8378 2793 6991 3754 5009 344 2727 1793 267 7707 356 6274
25 7146 5520 7160 2800 2659 741 3057 970 3263 4227 2438 7753 2206 6865 1653 5207 2938 8340 7988 6178 3676 8657 3504 5056 5382
25 3795 6559 7309 4292 4463 9807 9849 9901 5757 6549 4506 7688 1381 9937 4519 7871 3355 975 3859 7905 5528 4183 907 3064 6521
25 5908 6005 1878 2360 5517 4431 5451 9271 6649 250 56 3949 1665 5082 7672 9035 6100 3280 4752 2575 2174 1285 652 1866 4811
25 3515 5121 8282 3388 8902 1141 3029 9643 6820 1630 1225 7466 7015 1667 9218 3985 2928 1910 2871 1902 8254 3207 9041 1590 9021
25 3694 4723 6927 8661 2616 2671 1544 6688 402 5586 2986 9080 6336 7418 1570 6712 9040 9623 3577 822 7263 4590 837 5639 5384
25 204 376 9467 1484 787 8108 5808 1918 4842 1031 3882 6511 8708 2039 2452 4495 3485 8696 7283 618 7230 4762 3810 8716 9392
25 396 1905 683 647 6196 8608 4633 1603 8292 3597 2061 4517 4909 4577 7681 1577 991 5180 726 8495 9376 8837 7784 9214 9569
25 9919 9474 6663 5888 2582 9188 6211 9170 4129 3347 9324 1733 2765 2962 4027 7184 6244 9165 6112 5489 7498 9991 5640 615 6910
25 4074 4610 4028 2398 6525 5980 9172 4918 1061 4569 6021 8281 7710 1240 3123 5805 2108 5028 4375 3389 4070 9558 6314 3715 7194
25 8087 5991 6801 4583 2188 5697 7324 1414 691 9829 8826 4197 7893 1901 4801 6536 22 8528 7102 466 6693 8263 1555 8448 712
25 7833 921 5661 895 170 3802 9488 332 3658 6216 6577 4831 4982 7903 5228 7521 1248 1472 6329 4436 358 4011 8184 6516 8345
25 446 3560 9939 9600 1419 5388 4718 7262 759 4706 9511 2637 5922 1352 3743 1600 4621 1165 1920 2078 9523 3429 3751 6936 3767
25 4624 911 6934 1728 9675 1168 1420 3921 1804 1803 6931 3760 9103 7068 9163 1674 2427 509 1640 5242 4156 4329 2053 4403 9579
25 9742 1476 5835 5979 1639 1221 3415 929 4667 5256 6603 2833 9204 2252 8488 8172 7420 12 496 8930 1996 849 9379 2826 6793
25 4189 1172 7968 3223 5416 168 8669 6916 6179 3050 521 3484 5247 9818 4143 4728 195 5237 6407 2323 7054 4357 5526 4941 3729
25 9540 2027 4265 6977 3026 665 9815 2390 5507 7939 7845 9182 2062 6928 7390 4642 3471 2628 1072 845 8104 1189 727 1421 3246
25 2193 5104 7557 5947 4852 1096 8396 1330 5685 8382 2386 2656 6857 1528 7005 6484 959 2498 3010 9122 2223 354 3529 1190 8231
25 5758 8622 6808 3599 4807 3938 9796 9147 5412 3562 9572 8712 8814 640 810 9143 5465 4555 9345 3957 6498 5589 3421 8111 7813
25 5794 8206 6922 1046 5935 761 3853 9215 1627 5627 1819 335 7188 7410 4694 7313 4370 884 9879 3791 7789 4588 833 6321 8394
25 8248 8145 2993 5311 3042 8246 8339 9222 3106 9543 8264 7807 3085 5829 4830 1121 1977 3148 6235 4481 198 6687 5770 1331 1411
25 8150 6172 1597 9524 7255 743 7240 280 9452 1478 3018 1288 3717 3876 8572 2372 59 4676 1924 37 5745 3296 5508 1530 5815
25 5136 3472 5221 9615 1760 7517 5016 5146 366 5879 6339 458 8008 6027 1177 2483 64 8269 8747 313 7084 1343 1944 3898 7376
25 461 7621 517 3058 8586 5791 3113 1945 8970 3609 5527 9946 8847 4462 7766 97 7936 3144 1354 5288 3151 6315 5126 9527 6644
25 7817 2000 4768 316 2091 9399 2183 9264 3102 4307 2391 4607 3734 8450 4997 5706 8759 9813 5915 1344 7170 8304 6818 6755 9109
25 6207 7923 6264 4243 6884 2279 2497 3394 6817 94 3276 5834 6447 7583 9863 6494 9589 8990 2458 2297 1276 7417 1307 7918 5858
25 6530 9166 9638 2415 187 8685 5291 7440 1308 8929 5516 9496 667 5936 844 1138 8678 9086 8116 6638 878 5197 3539 6509 984
25 2269 3966 9630 99 4407 3011 8866 3517 7764 1985 7315 4988 5408 5415 5814 6401 4969 1143 7812 502 3595 9348 8220 9429 5891
25 3868 9265 9552 1446 8232 4254 1214 8697 1131 2042 1588 6437 2842 3103 2927 9704 9282 4367 4993 3209 1914 9481 499 6200 7940
25 3733 7900 7562 5401 4284 2037 7287 3326 1460 4192 4999 9029 2679 5204 2336 3082 7083 2276 8742 9478 2218 8262 5506 8121 9997
25 5898 8739 3519 8555 6086 8924 1607 7747 4780 9289 1941 3331 7843 1278 1710 3578 1353 5787 571 8501 9047 135 2527 8297 7671
25 4298 1342 6122 5711 6165 4793 7365 436 3030 152 7098 3116 2249 9855 9051 7251 1490 8830 3596 1136 3387 5957 5081 7317 3774
25 2400 3731 8960 498 8461 7257 9052 9635 599 8926 1236 5689 931 566 2620 9646 1822 9339 5268 3254 8434 2420 5004 3188 8397
25 6692 1660 3521 7497 3590 8973 1166 5869 6214 4235 4604 9003 4045 901 3189 2017 5030 2845 8703 3303 611 9038 1378 2887 2480
25 81 4730 5014 806 16 6248 1180 8653 8040 7426 4750 2277 1618 4145 9074 2730 7380 2716 4700 5673 8512 2113 8285 9159 9231
25 1209 4757 9308 2795 65 3677 2399 5270 7919 8616 1576 2120 9613 7674 7885 632 4062 1300 7976 3405 1150 3253 2116 2173 5284
25 8672 4212 1595 7120 945 200 6761 7414 6573 5011 3845 9138 2208 1099 5042 7598 3025 24 140 936 8833 6876 6971 9981 4476
25 738 2330 6892 6369 8125 4657 4701 5998 1873 9267 7509 3894 1862 5809 1090 1047 1746 2219 111 6901 6473 609 2051 1780 6547
