29 466 5671 6046 9724 9339 3218 4486 8498 1889 7802 5639 3989 7032 190 6370 368 6706 6003 95 1181 4454 5946 2815 8837 7302 2792 3180 1573 6156
29 4032 6142 6504 4601 8350 9731 1647 1045 8979 3277 2493 9636 3273 6152 8085 3275 9173 2698 1294 8167 7985 4200 2452 8469 4876 6897 2115 6838 6443
29 9307 9439 1204 4962 6858 9652 1412 8093 9162 7244 9597 8918 4702 7286 3702 9472 1473 8023 1567 5547 5353 5752 2083 1001 8514 3349 8764 830 2265
29 516 6122 4462 329 4354 6275 6022 3071 4827 7208 1182 3788 4629 4535 1754 8453 8015 1147 3145 6028 8474 3820 2928 7050 4014 3932 2777 790 4763
29 5956 4075 4985 8399 2775 5356 662 6609 398 3909 7917 4578 7962 5883 2102 3509 8629 4934 3922 5930 6257 5983 1616 2212 7481 7421 393 9701 2290
29 2634 9329 5974 4583 7969 8950 2951 2625 9455 3570 2686 2358 7160 9710 568 779 3017 9736 4736 1068 4866 8381 3987 705 2098 4771 5411 195 5848
29 2953 9267 6324 24 8379 8441 5853 533 4647 363 934 6338 7126 7465 9740 5570 3886 543 8613 6970 7826 1192 6150 8002 3066 2765 2428 4112 1838
29 3578 4016 7105 3225 4276 9325 9048 4740 3177 4374 8334 1308 6242 9606 846 1544 5079 1854 8248 3561 4086 2144 2941 6577 1329 3105 3821 7264 6144
29 3171 3939 8289 5255 4222 4425 9075 5813 4135 7670 8641 6550 4117 6119 3614 4037 4239 8909 2468 3790 5213 399 4151 7683 7448 592 5396 2988 2014
29 987 2947 7495 9602 4902 7413 1857 5753 2352 9395 2000 9204 9702 2181 8045 569 958 7075 8882 680 414 5272 2409 8565 5205 4948 9357 1103 8352
29 6215 4401 573 6572 447 1332 7760 5441 9819 5408 5810 5959 6434 5647 4321 6540 834 1410 2568 8616 577 3295 9955 974 7370 4334 1024 7950 4052
29 9389 9086 5750 9601 7630 5435 2234 4710 1235 1978 2930 2963 3361 9899 2997 1014 2975 3381 7968 3290 44 698 7899 8817 1515 2586 3142 1279 5915
29 6071 6610 3817 392 3294 3250 100 3953 7409 5057 3152 9429 3735 9629 9418 2130 7288 4874 4533 935 3432 1094 2512 7077 6118 2490 6221 8452 4483
29 7780 9523 3234 6127 2028 6847 3247 782 1252 4347 2499 4329 3721 7521 621 3093 7483 940 8826 6461 8481 8777 6315 3631 9101 970 1185 4034 2391
29 1126 4783 2899 65 5620 527 2713 3501 7925 4 2875 847 7394 4666 9278 6172 3012 474 7734 4506 5431 9844 3377 5601 7110 800 3598 8784 5852
29 4243 8643 4709 547 2235 1479 7853 5568 5092 1206 7519 126 253 8610 8440 445 8860 7378 7978 4272 8843 7876 3858 7155 4020 5800 5019 6653 306
29 1724 7263 3581 2644 9699 3902 4203 9143 5784 313 898 5369 5357 4342 683 3738 2833 5016 8994 4494 2142 87 3660 1903 1918 6979 4296 4800 6810
29 8489 1788 1020 611 4741 7175 8305 9746 3978 3815 9526 6944 649 8969 1378 2969 9754 4767 162 2147 1987 4748 2842 3708 4904 3291 6846 2034 7100
29 5964 5360 7588 4714 9563 7169 278 7118 9546 6023 3619 7297 3606 6083 631 2465 3488 1580 8935 8632 3745 4725 964 5432 1926 6380 9239 4861 8196
29 283 2948 1525 634 7116 8697 8973 7793 79 6436 9270 7231 2282 8796 7131 8236 8647 9502 5378 978 8053 9974 355 5318 9312 8844 1951 1633 8602
29 224 9891 8437 1277 8200 2173 1460 1229 7255 5447 2573 5247 8666 7843 1670 741 4139 5835 9806 3202 9934 2342 3791 8375 7453 2542 1589 1288 7612
29 5629 4130 2905 5363 8238 3408 9163 2247 4921 4011 7946 8402 6585 2513 684 4045 8396 1656 2444 1273 6735 8971 6209 2089 7240 8908 4716 9044 8009
29 8982 4572 7099 3754 5018 9316 835 532 9623 5770 6628 755 5239 6038 1806 7411 5845 3557 965 6800 6437 6659 2367 3014 4341 1260 269 4561 1905
29 167 9604 550 5893 8849 5595 9358 4811 8619 4351 7577 5926 5036 9187 5854 4605 4178 7397 6081 9951 9150 179 6500 255 7641 8157 1776 6866 7563
29 6284 160 3335 491 6189 3991 1735 3479 1516 492 2293 1336 5236 1098 4653 7758 5630 3122 1674 4403 6061 7629 424 6919 7851 1884 4429 1066 5695
29 9177 861 3305 2943 8202 9461 1416 4192 8097 8069 7565 1986 9361 7432 6700 4104 624 350 6674 5225 4512 390 1592 1693 1694 2861 40 2191 7553
29 1366 7430 2340 1413 783 197 7551 1183 9983 5414 7821 7472 1503 7420 6352 4182 3992 739 4703 2216 7140 9903 663 6463 4191 7546 6734 4481 5383
29 6595 2003 8916 3089 6691 4419 9433 5135 7148 9021 2754 2672 6194 6954 8062 2456 946 8347 2880 2658 3710 9146 1673 5160 1495 6999 3836 6074 9925
29 2135 5874 949 1909 6521 640 7017 8073 753 5321 9961 4520 2133 1885 5105 5319 3940 3929 2390 5113 6052 5761 6559 9564 2912 1421 2703 3191 2702
29 1073 6555 6729 7047 7621 2989 5393 2029 1655 8237 3079 63 7013 6529 230 7685 8322 9225 8365 3834 9262 2170 2671 7909 5111 7139 2904 2355 345
29 7163 5802 7185 5905 8511 9256 4209 7176 3608 6250 5608 9226 3296 4912 9106 148 8066 3343 7404 5546 7958 1880 4698 8180 2592 5997 5155 8674 2641
29 7694 2871 5577 5254 7437 2679 9670 1929 4471 6351 2271 5055 6476 5454 5273 203 6270 1897 4294 3554 7870 1362 4161 3458 2600 6712 6968 9506 436
29 281 2362 4513 4087 9102 6816 4220 1385 8475 2030 2461 5083 9918 4265 3187 9767 841 1453 1676 7912 2438 8403 5063 487 9945 6966 7973 9304 9704
29 813 7796 9121 9363 6854 6359 2420 6661 6675 3841 7303 7979 1661 5722 8487 5616 5493 7234 2918 2929 4228 2604 2422 9382 9391 7498 4622 1636 7312
29 6224 5440 4801 3205 1349 9733 6086 137 118 8526 915 6056 6341 6569 7191 8470 3271 8293 1335 773 8892 8954 5068 8659 558 9269 504 4244 2114
29 9025 3268 9875 5781 7674 4061 3003 9231 7377 3431 8962 7626 103 9015 1246 4603 9406 5567 8539 5499 1825 9865 5978 802 6247 1766 7038 4935 7373
29 1215 1684 3948 604 1392 5901 4225 5252 5488 4665 3674 2091 8943 1161 5103 9779 5988 8003 3096 4491 2613 9061 4382 7581 3044 3502 827 976 1493
29 3358 4706 1981 5350 8482 7783 7150 6294 865 6424 1388 2991 1740 4956 7592 8772 9394 8751 2832 9783 8316 4332 4460 2816 4981 607 2716 7883 5485
29 7190 5178 5131 7273 3274 3521 870 9836 2921 3454 7134 1657 6859 2171 6139 2294 3965 3736 1944 3915 1652 353 2394 9328 9159 9166 2269 4095 4713
29 9488 3473 7484 4539 9635 335 1959 6581 7200 6202 3196 9823 6114 2726 3616 3100 7794 1164 5417 9969 146 1672 171 7021 2528 5884 3170 4745 9683
29 6055 4074 7840 1426 5691 7350 1467 93 7444 4224 6724 1632 5540 635 7458 2729 1202 8998 6670 1310 9491 6616 5422 4041 5768 2504 6039 8315 2361
29 2742 7648 4704 3322 270 5416 2262 2526 404 1263 5504 4392 6467 9350 2994 9758 7971 4409 4080 5395 7949 2745 2772 7074 7205 217 1808 2751 9436
29 6771 7867 9107 2387 6430 7918 7728 538 1558 1423 256 6678 64 8576 2264 4456 2926 2517 1750 775 2153 6759 1895 2784 3703 996 8589 9103 6375
29 105 862 5625 1135 2254 9494 3565 7327 1025 2505 8582 3478 319 5787 2894 4120 1465 1011 9569 9077 4662 3772 282 5210 1671 2852 587 7701 4799
29 2893 8678 156 1513 2148 8823 260 1191 337 6510 5090 7999 1110 2576 7054 7352 2022 1712 8675 2725 7984 7834 21 1863 8915 3707 7859 8491 5340
29 6190 4731 91 6440 7775 1000 4260 395 2032 4926 1790 9867 3397 6965 8528 1583 7184 1363 9794 475 7501 8013 3224 942 6104 3154 8132 502 2426
29 921 1615 1729 8332 9127 8615 3961 9005 483 9876 760 545 8496 614 3810 2639 5822 7460 5824 8883 8338 5138 7398 139 4349 941 3907 9774 8456
29 39 3687 7433 320 6787 3283 2466 1353 5348 5898 4048 9586 5609 138 6307 6385 9960 731 4569 3544 5267 1711 950 7471 1232 9210 5683 4656 6217
29 9658 9716 8027 2916 2301 4458 3767 7429 702 1067 3362 4055 1928 8864 6182 5080 5073 6097 7114 8201 333 2767 5235 7213 695 1173 8048 3028 7225
29 5028 5602 891 121 1242 6868 1375 6474 7022 5594 8037 6301 5552 3075 2139 5907 8275 2100 33 1881 9910 2402 8593 1010 3272 1338 4053 5872 8092
29 8680 9578 8792 5233 3650 8501 2846 6955 2680 7480 4680 4282 9822 1572 7111 6225 129 216 6707 8555 8652 5459 2332 6102 9476 7230 9946 2788 646
29 567 7706 8277 9835 2559 2544 4204 5133 3760 6755 4633 6642 5038 9840 382 1565 7561 9998 2590 6096 8151 608 4431 4369 9638 6842 169 451 7177
29 6492 1768 2104 4851 511 6807 1733 1850 325 9799 1796 5050 6435 597 3666 4293 3269 6335 6227 7980 2530 3041 5362 3419 1197 9995 1035 6953 4264
29 4064 2879 7747 5387 685 6044 5780 9675 5464 8776 41 441 1331 4098 1203 3427 594 7294 6565 1947 2548 2113 8871 1169 7043 9615 7567 6312 4594
29 1743 4022 2413 9011 1419 5993 4445 2485 5645 6418 30 370 4033 7929 6377 6679 7278 6964 1092 3780 1666 5566 6344 7311 9693 2469 2392 1804 856
29 6002 3303 4259 4726 3899 1756 7522 7983 525 4897 2709 2416 952 962 2045 904 1125 4210 6234 1063 5551 2033 6347 7580 5510 1834 4608 4612 632
29 6727 2690 7739 5731 5461 7271 9722 9126 8383 225 8344 5482 929 4581 4951 8435 6195 4406 4274 1556 7616 1731 4432 7627 5990 7609 8227 17 7744
29 5304 5244 5830 1510 3395 1153 6852 8756 5442 828 1043 1371 6990 5991 9388 5283 1555 2551 8631 2687 5076 537 3299 4711 1474 1772 1070 5227 8206
29 6280 5471 8715 5031 136 1424 2800 8847 5300 1953 8797 4295 9483 4556 1107 389 1508 651 3390 5763 4197 6089 6895 5470 3127 4103 5936 7830 3572
29 9545 5665 6688 930 2093 7196 805 3838 2827 7654 3700 4958 2146 7688 6431 2082 7759 198 3630 7355 8566 7375 8216 7819 2518 6589 2323 2075 3535
29 8101 8095 2004 6452 9859 3366 7237 3529 8970 8993 8890 2619 9538 9375 4769 5243 5095 402 9449 968 315 5707 66 6778 2018 3310 8410 3783 656
29 1939 425 7142 4766 5187 5191 5916 3442 1157 7030 8301 6047 444 3005 6995 2756 8692 5250 6009 4233 3384 1561 4379 887 5582 5849 3051 5754 1143
29 8976 238 5942 7466 8703 1604 1701 3869 2105 8608 3399 6115 5486 884 4155 2169 2334 7053 8079 509 2209 6251 465 5147 9479 4591 7325 6465 4504
29 7109 8036 2211 7795 8708 4252 812 2228 8862 3828 9681 8505 2175 9560 7203 2850 2373 3493 1199 6781 6125 6068 1599 9240 6930 349 4724 5195 9877
29 9184 6751 8728 3006 4457 3665 310 2313 9260 6350 2325 8014 1018 4303 4979 5961 8965 2514 1104 6543 9247 4122 4994 1261 5161 4939 2031 2527 7620
29 8983 8205 9848 6834 3960 7687 4554 1682 9178 8386 458 9211 2675 8427 427 263 1547 410 3194 7731 2061 5261 890 1240 2215 4400 4789 5579 57
29 2574 130 7817 4663 6920 6170 2823 8378 6518 4478 8953 2419 6260 480 5825 2351 4128 8798 2606 2546 1761 8627 164 6309 906 143 6657 1380 794
29 5173 9001 3157 2874 9943 1826 7887 2286 8846 38 2903 5518 9952 1678 1216 9254 3946 4679 697 8724 6911 5923 9042 7168 4772 2421 9245 421 5549
29 477 1323 5739 6762 1645 2566 864 6625 540 9841 4890 2758 3724 8145 7847 6236 4645 7904 7797 8007 8873 661 1713 2374 5777 4818 6484 8515 9914
29 853 5365 1027 3037 1908 923 3061 9981 2051 5107 2073 8905 1278 9111 2354 3098 7178 8803 2780 7081 5634 9507 4678 1166 5564 6602 657 9873 1032
29 4613 6689 7164 470 9334 4914 5856 612 8118 7805 3549 9727 2308 132 6822 8795 9982 5170 9926 7803 7860 4919 4196 5844 979 7671 8294 8231 4145
29 6428 6296 3536 7037 6554 9772 1179 8766 4588 1175 5368 4833 7357 7537 5785 331 4078 5284 5668 4793 2561 9090 6062 2656 6851 8679 8667 2199 8135
29 3032 9214 4472 5605 5382 2618 7198 9657 2771 666 9370 7181 5045 789 5041 7722 1296 5406 4906 9230 2427 7128 5713 7583 956 8319 8819 8283 3369
29 4780 3282 1257 4750 6148 3844 8968 6137 2299 9012 4636 6627 505 729 6498 5809 9338 8714 8638 7761 4784 1529 298 8142 2408 1662 9499 7486 8426
29 6598 7006 5496 2632 194 1081 9138 3648 4688 3595 3062 3568 7564 8288 6695 6886 8158 8290 2763 6606 8748 2180 2097 276 3301 9130 7500 5947 2236
29 5760 5798 3048 1845 879 266 9195 8046 8175 7790 2732 5140 9213 8042 2714 6655 1086 3085 5766 4106 2227 9145 3973 4206 1209 3795 4323 2841 5264
29 9696 6321 9311 8134 8835 4553 6775 4105 4050 1823 5680 3719 7382 6371 3967 176 5186 2176 4246 8390 5965 1877 5708 1093 9341 2353 7677 7290 5764
29 8273 2516 8625 3243 2631 9349 3870 4813 9790 908 6715 6733 7865 9965 2744 1812 8769 8254 3831 8362 7718 1221 1128 6818 3125 2020 8956 4803 8400
29 6509 3226 4043 880 8532 7711 8439 7910 6731 6191 5026 9125 6318 721 512 7730 3332 9820 1280 1532 4137 3680 6877 4236 4768 7765 600 2694 6650
29 9233 1505 1196 7603 7858 3258 1849 2678 9592 1977 3297 4762 72 5192 496 9076 3371 6922 1052 4927 3494 7697 7477 2010 1584 1315 3748 3200 2863
29 5477 5201 8221 876 9889 344 1610 2840 3474 2043 5159 2624 1901 7452 713 1635 3625 6806 3166 8713 1409 6133 8516 430 5517 4673 5478 9610 8924
29 3237 9475 92 3942 4744 9621 6962 1256 346 9654 1075 9718 4443 1381 3280 9041 3706 3845 6831 2853 8669 1137 6397 62 7246 7692 8787 7478 2536
29 851 799 902 1415 1489 7306 3470 5656 2024 7754 8930 1368 2055 3954 4705 2820 5786 714 8041 5112 3256 5655 8359 9527 3065 6079 3307 2012 4892
29 9766 7750 254 3851 9579 6906 2445 3022 8123 7930 5537 4964 9456 7092 572 5868 7402 1347 1163 2026 1150 8563 3373 5742 3843 7532 7597 1602 5027
29 7776 1859 7905 1649 5421 299 3729 311 9028 6641 291 2365 6869 2523 75 144 9838 6402 9662 5604 5748 497 3712 1101 7080 8820 7338 9490 1817
29 347 5519 718 3131 9598 122 4564 5277 8086 5638 4864 6131 3392 4580 9426 3642 6024 3024 9253 8460 463 3866 9427 4370 6711 7199 5931 3787 725
29 772 4758 115 4176 5070 3104 314 8369 7709 4901 8412 1121 3387 6493 2776 8094 68 2372 6207 4345 8187 6835 4655 2369 1276 5040 3242 2129 3997
29 5705 1752 1658 1184 858 5712 1975 177 6141 7374 4079 7875 6285 6784 5842 981 9503 4372 2149 302 6004 6041 582 7366 7115 9853 8813 4389 4865
29 1809 5134 5297 4885 4376 7316 3567 235 9956 6536 9376 8105 5153 9542 8404 7778 4615 6630 3214 1709 1425 8090 7277 5154 5352 3562 9631 4001 1702
29 4776 701 722 7060 8203 4357 1719 7825 4102 6870 2260 3921 9117 7052 5533 1253 4160 9104 5939 3095 7880 7008 6748 9129 7907 5681 9588 157 181
29 3508 5158 514 8133 652 7268 5165 6308 3456 6637 8689 2375 4677 6915 1499 6013 202 9305 7861 268 3998 5878 8454 8747 3523 2718 1370 7903 151
29 5924 1594 4995 9359 244 8913 792 187 7061 8471 5039 671 5046 7986 1894 2724 1114 8786 1954 3757 6447 9541 1593 579 7257 4790 4499 9787 4040
29 7003 7159 8218 7665 7656 1418 6942 3039 3573 8056 4755 9039 709 4742 2545 1940 9513 9627 5260 7392 6155 2057 4604 2441 9839 3770 2037 7885 5828
29 1357 8174 5203 745 2405 4557 5167 6967 3563 6665 8164 5312 9031 4631 5740 3711 8116 3588 6339 8822 6035 6000 8284 3617 5316 3195 4527 9539 5143
29 8342 9674 6198 3670 6105 8372 6235 5527 6166 5505 2836 7647 9249 7906 9834 9661 5048 2383 6323 6739 8445 6728 7120 1506 1065 6767 1007 2746 9559
29 98 4882 6248 8262 8178 5086 7102 3002 7132 8038 446 2933 13 8944 4154 3837 2769 7509 1952 4999 3323 5174 2440 1391 272 3655 2219 5558 5516
29 2245 9074 5897 3327 127 6801 4971 1764 4606 7771 1284 6120 9596 2531 2339 1803 9508 975 9284 1469 4552 6753 700 5588 5399 6311 485 4006 6361
29 9236 4959 4476 1292 3460 3219 9287 5305 528 7376 9923 7485 4319 7589 8951 5128 3236 3465 5011 6855 3691 5976 4584 7492 9871 3854 407 4278 6513
29 1285 1019 2415 8117 8323 3850 3388 1851 7180 1434 7943 9501 4338 5059 6717 7441 2945 8937 433 3148 4559 845 2007 983 4008 6384 6231 3262 307
29 5327 650 1390 2053 2616 4271 6372 874 9065 8711 5649 3499 251 1654 2009 9776 4728 1295 3769 3718 7298 6289 6683 2735 7456 9664 2071 9679 4819
29 6263 8901 7363 9792 2996 4142 7124 5331 2449 3859 5200 6591 2809 2331 8476 8654 3647 4900 4377 2296 3251 9460 1614 4739 5870 5130 3378 9300 6204
29 4029 1575 9030 7557 9366 761 1195 3904 2779 1442 6668 2312 8425 4797 7544 1298 1484 5528 9487 7998 5839 3587 8753 7247 1188 4010 8251 3468 4982
29 5298 5574 4566 1049 9403 8949 3947 7014 5714 4077 1738 2187 7239 2906 4286 4124 7019 2121 9613 5024 5996 5010 5873 312 4026 6179 9971 1061 8770
29 6304 4753 5289 5697 6587 520 9046 2501 8211 1146 7384 123 6291 1739 963 4683 5342 7280 9620 5062 7952 4643 3794 408 9167 8130 2470 4621 3330
29 7877 2689 1659 6123 8450 6996 9938 6444 6857 6538 2844 4508 7487 8387 4853 7197 1319 8810 6817 7293 3231 8168 8295 4459 3059 9073 3035 1480 882
29 7966 1136 7469 6882 4301 8899 6845 8374 5789 3926 6721 364 2086 2203 3146 1786 1892 5386 9821 2773 495 1540 9883 5265 1211 6719 1080 6478 7260
29 7850 9113 5987 8876 7954 8181 9136 6029 1446 9984 4310 2537 7872 7663 1777 932 3043 549 911 7653 9611 25 31 6406 1784 3339 3895 4498 3042
29 5034 9763 7192 172 1038 8081 6531 6128 5263 2956 6077 4149 3740 3594 3270 6111 4364 7542 4440 2706 7863 4903 6501 2151 7183 1145 2074 7094 6651
29 7956 2960 9504 8057 8541 180 3510 5886 252 3628 1466 2503 9942 7323 6523 4722 8444 7684 6095 9352 1613 1158 239 1747 9571 4965 6640 4624 9551
29 3668 3045 1937 8829 168 6145 8752 2346 4199 4646 896 6623 4315 2016 426 6808 5600 6621 4164 995 5072 4924 6815 9888 5847 5702 8414 4786 7219
29 7804 1778 8341 5151 3016 2050 6644 37 1551 9520 4973 5633 1585 6511 9056 6723 7672 7076 1498 7638 1148 4889 7651 3823 3504 8446 9068 205 6593
29 9055 2096 3159 2231 5658 3657 4770 3259 5349 228 9228 5940 9614 6943 4373 2887 3452 3321 6588 9437 3257 8664 265 3084 3847 5650 1578 2949 261
29 5827 5084 3315 6042 5234 3068 2172 6054 912 6908 4111 7570 9124 8573 114 8083 9558 2704 5033 6241 1996 3113 3789 1842 3447 2708 8100 4723 5871
29 9715 4287 7463 909 3571 3901 3531 7130 4071 9647 8055 7367 8302 9653 9386 2976 9901 9872 5462 3733 3346 3124 4648 5767 2317 8245 2184 4676 6395
29 9874 7405 690 1611 5811 5069 8553 1109 5514 1265 1560 2202 7108 5700 6159 1883 9851 1187 8668 77 7283 7410 8611 9496 5307 9963 9393 9775 6556
29 7945 9537 7820 2205 3785 3975 8606 2058 1867 8449 8815 6584 9122 4671 5920 5376 5042 343 4957 3517 8219 1496 3525 8987 6065 9324 7536 6612 2280
29 7309 7528 6199 8126 6925 9244 249 3391 5573 6890 8500 8072 717 7282 9509 8604 2393 9118 10 3950 3872 8089 4212 7188 6205 948 903 7476 3405
29 8143 2253 8103 3903 6904 4619 7147 1321 6393 9531 9198 1259 3840 2828 5345 4421 8926 8329 542 6045 9510 2884 1795 5885 3951 3333 2417 2783 5972
29 6951 5513 2683 6473 9313 455 839 3813 3600 9550 5271 3924 7738 2244 4642 9939 9815 4211 9735 2885 1017 286 46 2081 3108 3128 4441 3941 768
29 4600 1557 3747 394 6261 9396 6646 1512 3964 1006 2368 637 5999 5322 5182 1355 8742 8242 3114 2287 6520 131 562 765 3592 5654 5819 2593 6894
29 1519 9407 7189 7146 1171 5407 5593 8681 9991 688 8022 8791 1665 1737 9989 3912 4378 3001 7512 1117 6705 7335 6340 5375 6987 112 2814 4886 16
29 3690 7888 3404 240 2898 7914 7848 8816 2810 4215 9600 2095 108 4838 5419 9098 8921 2381 5299 6888 4129 5275 1029 6743 3293 6553 3877 6977 814
29 6469 7908 8068 2120 9385 3723 2225 1591 5544 4230 8621 1267 8872 7571 7129 2316 4855 5581 9830 9741 8732 5403 2041 4430 1149 8021 3469 6299 2242
29 2190 3263 7122 4013 6840 7079 9552 3627 8584 4761 9206 6193 2642 2649 3560 2539 2821 1844 4896 7249 5293 2957 2118 5948 5145 3781 1753 9161 6043
29 5280 9706 8463 6262 1306 4238 7068 2412 6522 7318 9441 8686 2124 9644 4690 2195 1405 155 7623 4019 3849 7042 237 5980 6813 9190 4626 2766 9781
29 4845 5857 3008 4691 6671 3486 4863 4597 5850 3786 2397 9977 784 1891 9035 6264 9643 8960 7831 3491 2993 4993 191 8607 5208 3232 2532 4558 4777
29 3179 1180 9686 1118 8124 1683 3466 7269 4051 296 5779 5426 1364 5003 4618 7708 2208 4257 6173 7970 5734 9139 8144 257 8373 4879 159 2447 6865
29 3081 9321 3741 384 5008 852 3602 8509 3685 8191 1305 3730 174 4000 4548 135 2793 6533 4148 986 2896 3203 507 1350 4638 4752 9371 4667 6174
29 1988 6976 6929 7818 6649 6076 9069 297 5051 7214 8552 578 584 273 1002 7763 9445 6407 7857 2538 2954 8587 1339 6008 6037 5979 3797 7078 2795
29 3980 7087 7151 80 1802 422 1792 8107 2589 7336 8617 8050 531 7781 2555 3176 7186 3316 8147 1476 435 4685 1797 1930 733 3688 6459 481 2
29 3115 6256 676 7510 8173 6777 4444 5799 3446 6322 163 3067 3919 8779 4907 7619 7170 8377 4292 2607 2831 2167 2986 5812 6446 1360 4575 5720 3046
29 4219 4085 2717 9780 7235 7459 766 2851 4418 3822 5710 5804 2710 374 1527 2682 6330 8345 109 1201 9917 7253 6744 2250 9322 689 3649 4009 5727
29 6635 5337 6959 7854 6392 3564 4399 8371 985 5023 5791 6288 3220 6413 54 1622 3883 6093 4511 746 3818 5043 5125 3034 2251 2594 9194 4189 6773
29 7368 4387 4465 8575 6031 318 4952 2454 4961 7031 7195 8465 209 1872 2067 1218 8684 4069 2400 5858 6249 448 2062 8393 2077 231 4931 4383 9548
29 1566 8384 1771 8250 8380 2748 4871 6222 561 5320 2796 5181 4216 953 6486 212 4172 6063 5867 3714 1190 7579 3833 3288 9566 3882 8268 4099 1917
29 9813 5330 1437 2267 3058 9530 8743 5266 7065 3663 1568 5758 4530 9447 5457 6988 3552 1528 3117 2157 6619 4922 397 9209 2196 8411 7810 4555 6026
29 9543 9514 9972 3681 5074 5797 2275 6410 9732 8824 3426 7997 7385 1993 9319 9678 8941 5291 1244 9655 7913 559 2261 7395 5058 1878 9377 4258 6826
29 7774 3911 4639 4393 8851 6313 7206 5324 5682 3163 2298 2950 3894 9422 9374 1449 3190 4132 3629 6441 5268 3015 8385 4335 1485 5929 4632 9707 636
29 5089 8217 4207 4047 4413 9798 5693 7182 1441 7062 3385 9497 8433 1833 1462 4442 8052 5636 3944 8091 6386 4841 7488 8885 2036 1819 8614 4738 5571
29 4737 623 5545 289 2787 3829 1681 7127 6597 4449 7667 2345 7419 275 1865 6213 2284 8355 8626 7462 1172 2937 2915 7482 4408 3099 3482 9419 6367
29 8150 4253 6180 3475 4918 5908 3553 7666 2278 4447 4384 6692 7762 1021 3222 2188 8186 3161 3969 6112 6512 732 3853 5524 7893 1873 6776 6108 7931
29 5294 3064 5388 4343 3658 322 7937 2300 500 3518 6238 6084 3175 1741 4954 233 8919 9296 1841 1997 8586 6165 3888 336 4289 4489 2158 2801 488
29 2198 7782 4018 7705 5832 4412 8592 8001 9753 3812 7119 8947 9266 5049 8303 8912 5887 9288 4587 6169 2693 9742 4464 764 267 1318 4660 2306 1085
29 3073 6147 5548 8388 8904 2326 4760 756 3773 7669 8188 5945 8020 8651 9850 4307 1554 5071 6360 917 8854 5452 8609 1408 9803 4531 6078 6132 3267
29 1628 3750 460 8077 3424 2327 4475 9053 9058 1548 1541 1026 5047 2005 5270 2013 2913 1282 5066 490 8156 894 1998 5274 133 1705 245 1217 2886
29 4980 9405 5490 145 2822 6558 5865 4804 6196 959 6921 9595 5716 3956 7517 1664 5892 6401 218 1798 9411 1900 4159 8568 5100 3308 9810 2655 4065
29 6830 7839 4082 7993 9788 3389 6881 9589 7156 4984 7987 2873 1570 211 1782 5984 2731 3876 872 878 2349 3011 1074 8102 7947 3972 7069 4113 7443
29 7560 1497 3994 6040 7007 6853 7746 6255 2288 1931 1076 2789 4484 9617 4028 4625 1393 4966 9928 7942 2268 5194 3352 2192 6201 9470 8790 8845 664
29 4446 5391 3021 9281 7261 2995 9517 1837 9207 4654 6946 9006 9905 1539 8725 9493 2685 9576 7145 3659 3880 1915 5196 1960 6798 7637 6168 3897 1450
29 6448 7403 1773 457 8223 3485 2927 8405 9369 8367 6913 6211 7381 4826 6570 1890 681 6567 2270 3986 5329 3547 5903 3241 673 9294 748 2243 6686
29 4940 6524 984 2587 3695 9978 5928 8695 2204 464 8948 9845 5676 7955 7772 5520 8340 1444 5904 2001 360 5436 8190 928 8049 6116 6015 106 5479
29 9026 8717 1337 7808 3734 9010 1494 2585 9816 5622 1757 4883 7332 1205 6788 2570 3430 1403 5335 3286 1097 8855 280 1629 2609 7267 6643 6415 5631
29 4774 4089 3974 8991 4596 9953 1152 1746 2917 9094 4245 6892 4570 3414 4487 7113 1606 811 6259 5017 2506 9698 1243 4426 6208 8521 3591 7468 4972
29 5910 8891 5981 14 4658 365 3498 6898 9515 2660 3103 284 5550 2865 4314 1483 6278 7285 6732 9996 3490 8656 7057 675 3199 6539 8868 473 3153
29 6053 7508 4415 6153 8513 4175 3484 8104 2750 7123 3966 6398 9941 7089 9289 3423 2464 4266 4806 9215 2891 1013 5020 6909 1801 9900 3558 647 4214
29 2401 6279 4721 2090 6718 2388 7141 246 1598 931 3078 4186 1760 1692 5584 4693 9584 9795 4386 6456 8281 669 1056 9302 9314 8462 2500 510 4249
29 7393 7927 290 988 5969 7901 3080 7152 9697 7221 2458 7586 5301 6487 2295 7852 2749 1439 3878 2322 6682 2804 1311 9800 9052 1627 6229 3550 7143
29 3090 5007 730 4975 7974 3540 7736 3808 7838 2289 4649 6519 3661 848 3722 2453 4589 7582 4835 5935 557 3076 8467 9222 6085 5950 5899 7011 6765
29 8978 7719 4823 8039 3355 8127 8548 2799 6325 2652 8035 6069 2646 816 4715 6425 2305 7058 2764 5673 6300 1313 4437 5127 7215 9861 7644 9200 5439
29 8995 8794 6599 5392 7096 9082 2942 3641 3167 989 484 1579 5146 3091 3101 6274 6050 1922 8264 1106 6381 5398 6883 3136 8193 7842 1523 4505 1250
29 7364 2226 4180 2563 2389 1517 744 1156 6544 6420 1781 3918 2163 8812 4144 4241 7961 5534 1314 9723 4875 2622 3018 9323 7423 5562 8989 8258 1330
29 8825 4404 2366 9093 1160 8488 4358 9757 429 8430 4542 4391 1428 304 8457 2959 385 8220 2155 7066 4177 8740 5202 8906 3020 2860 818 8413 2984
29 6186 5242 6101 2156 7916 6802 9590 2178 9425 1924 1699 5226 2350 9747 5093 2924 6432 8309 9383 742 8304 7326 9892 184 3135 3852 5718 4480 469
29 3348 3300 5132 7497 8788 1943 7435 6200 1824 3137 7015 4682 2217 3958 6214 6843 8702 5506 2136 1923 8297 5296 743 9201 3359 4255 7645 6421 2065
29 5468 61 4878 4362 9183 1660 2856 4162 5374 4414 7347 6681 7548 3825 437 5082 2179 4756 7162 340 1328 9902 9252 8963 8492 3597 111 5204 565
29 3193 428 8240 8931 334 2266 7135 8757 6383 4923 4072 9849 2214 9410 8249 2911 7287 5367 3930 8163 606 6140 1036 6103 539 4943 4284 6466 3511
29 5788 9642 9935 5677 4092 8660 8778 3979 9153 7650 1071 9676 8859 3025 9264 55 5117 1389 2274 6652 1921 670 6332 4754 4312 8932 3207 1012 3436
29 3971 7689 3143 4288 625 2356 8831 5717 59 3635 5156 7873 2626 8313 9115 2371 7932 7414 4936 9831 3444 897 6549 9645 3398 6607 4567 2819 285
29 1044 9760 8712 5402 3038 6107 1695 4536 9518 7994 1934 7300 8278 3238 9574 8706 7341 3731 8628 4308 2213 8760 459 9594 7976 2813 5541 7389 9408
29 6387 8745 292 8704 4223 1131 8114 352 2628 9858 7720 3725 5833 4346 6819 2425 1685 6110 9796 506 9997 8672 5256 5332 1492 3495 6454 295 1159
29 5816 2741 9973 9992 7785 4150 9285 3636 9142 2608 9640 2925 4915 8639 7172 8080 342 807 6317 8865 1251 5721 8857 763 2480 4593 8530 1058 3970
29 1630 7740 6957 5246 4831 3336 371 8343 9985 3350 5251 6633 521 8581 2541 7844 8292 4816 3574 9587 1504 9534 8423 7869 2335 8974 378 2328 3651
29 6303 6981 6880 5526 4126 3489 844 2078 6337 438 5715 3374 8241 7902 4309 153 9398 4576 8688 5701 678 8478 1431 7275 8863 8636 5663 6475 471
29 4694 3483 7281 4828 166 7752 7786 412 7351 1225 6534 1577 7900 8658 810 4108 5230 2901 2611 5290 3338 1762 4867 2982 9572 8952 2232 8758 8696
29 5453 4759 6072 6082 9089 916 2858 6594 2862 3935 1078 7814 2088 1999 6283 8955 5709 2063 5669 7408 5652 7833 6470 6820 6863 1607 264 3995 4814
29 6060 4735 9000 8266 8484 6188 910 9216 6316 7305 7550 88 1502 5179 1679 8773 1807 1471 2341 9852 4116 7272 9272 4592 1985 9301 3871 6741 2882
29 8809 5606 9435 3913 8832 7939 8152 4495 8961 8148 3126 9908 9464 6786 6785 6768 5664 1470 9 9887 3027 5796 4153 3814 2380 3934 8256 738 9745
29 933 201 3420 3528 5918 4997 5085 3094 8718 2677 5881 1832 2483 3029 1675 6333 9533 6961 8432 5522 2474 8726 4938 6992 3164 2889 8257 42 2210
29 6875 2502 8016 9739 5015 7340 1950 6216 1815 6417 467 8720 2583 1708 9549 7878 8424 6750 691 9709 566 8409 3753 4590 3923 9990 1770 9335 6453
29 4076 9489 1432 58 9004 8299 5163 2734 8291 4842 1490 8785 2786 9553 6479 8017 9148 6899 19 9646 2110 9749 3354 4333 8999 3239 5569 5009 6098
29 7724 8458 5209 6442 9947 4169 2152 6363 7879 5560 7698 6382 9128 9034 6403 7891 7595 461 1789 5004 5690 4395 4974 2092 3506 3394 9933 9292 9333
29 3181 4397 1723 4746 9895 3684 442 8391 6980 7330 3188 8285 5642 1524 5613 8780 6494 1518 4809 1994 6468 4834 9764 4916 5862 583 2895 2980 2221
29 5728 3036 5429 6963 4701 2006 9169 9868 4692 2119 576 7063 6844 5660 6861 7812 6265 4428 1220 8853 4873 3526 4044 5801 8884 7549 6676 3548 8578
29 9964 1586 2923 9744 2870 2329 7254 3281 3857 1637 7640 1828 9521 219 1440 9340 8933 4869 5992 1542 1751 9478 20 1734 2909 2867 6726 8879 1887
29 1624 8569 8721 1269 8058 9725 3589 7259 4808 3245 6542 3031 1333 3451 1130 2859 4672 9450 8008 4217 7806 9630 9466 8504 1969 3134 3752 832 793
29 373 5064 4448 8709 8282 6485 4174 2728 2364 3448 5968 5460 6365 7652 6648 3030 1096 9789 3116 9573 9909 1077 3477 1600 7989 1509 213 3160 8030
29 5696 3379 4365 4925 4256 9730 5430 6780 3215 2283 2491 1227 7070 6219 2348 8422 4420 5694 7361 4318 5437 4490 1907 4942 4344 2448 3249 5586 3705
29 9434 9342 8495 4119 719 5512 4908 4681 2629 9817 2297 5223 2197 3704 274 8992 4870 4143 1138 8887 9199 6088 4466 7897 7274 9072 34 1268 7924
29 9404 4434 8252 1535 9109 1621 2550 300 2002 5803 9728 6730 6579 6426 6292 2023 881 7345 8972 8903 5148 6171 999 7596 3775 1955 9440 7319 5343
29 4899 8169 8054 1691 8793 339 248 1500 9218 1536 3839 6772 7606 1748 6527 5732 2521 4657 785 9751 3842 3746 2410 7321 2659 9540 3443 6879 1537
29 5651 5692 9708 1155 1634 128 707 6958 0 9378 4093 5257 9663 4068 5666 2161 8448 3507 821 4525 4100 2588 8064 967 6720 1995 1638 356 243
29 7258 8603 4514 2700 5306 6391 2601 5985 1860 5776 3925 5909 3172 6404 9842 8922 2958 3990 602 518 4469 8443 9692 4049 7354 5977 6814 3622 4493
29 1303 9164 3559 8194 5142 3751 67 1231 5743 2623 3758 6939 3910 5098 5738 955 432 9785 9825 9009 3983 2987 7216 1342 6789 2883 2443 6617 8691
29 2363 5172 3141 4609 2936 6836 1813 9915 3418 4473 3962 3435 3532 2377 4322 1697 3070 5790 3671 1958 7218 4485 250 2668 1976 654 787 2507 7721
29 6233 7112 7490 5126 2711 2159 9326 2186 406 6113 5308 4996 7541 1690 954 8722 1543 4390 7862 1222 7615 6157 440 7868 4989 7245 5895 5412 5212
29 3155 6562 3009 1022 9843 1414 5521 8522 2193 9017 6151 1663 655 6364 4795 2612 4817 6603 2797 2798 8920 3213 5626 5917 4586 5641 3645 2565 2479
29 1787 2069 5559 997 210 1057 6472 9364 1307 8395 7165 8765 5463 8397 8272 8138 993 1468 9737 6950 6742 7940 1980 2072 2848 1830 9505 9038 866
29 6517 9409 4687 9299 7572 7210 9570 3317 5532 8730 5315 7072 5747 5627 5998 28 3138 8436 8547 7379 1154 8438 4025 943 9155 8063 4242 6658 8215
29 6525 6752 1644 6972 1822 5013 9814 4579 2562 8382 586 9768 5035 5711 2111 2224 1886 2636 6143 5480 7329 2569 6969 2547 3999 3516 8366 5190 2981
29 8229 8531 1706 8354 2206 5164 7029 3467 6124 2654 4990 3198 7755 1848 9532 4519 2487 8579 1200 5572 3324 5354 5554 529 3623 9921 4898 4509 3212
28 2581 3178 8464 5863 857 737 5900 1287 7569 4081 227 2857 706 5336 7710 6237 3320 3873 8898 2838 9959 893 5774 2802 4339 7455 36 774
28 9029 5198 1643 9870 3118 9224 4640 9648 1707 4090 5099 9019 7291 3133 4059 9904 9286 6163 1982 7158 7342 6019 3461 6226 3063 9605 4300 1214
28 4194 1254 1793 4944 571 9714 2360 3543 7737 5215 5317 5927 4858 8630 1932 3340 2302 1758 178 6034 8419 7422 2450 7091 6566 4190 734 9037
28 4297 4785 6297 8737 6005 5621 1972 3551 5970 3798 8888 6928 1722 9087 4127 7507 78 3830 1876 6130 6244 5281 6017 4970 892 7136 5723 1344
28 6754 8699 2068 9695 9467 8538 8588 2876 7911 152 1407 4986 5971 868 9196 2973 3891 9221 1871 7988 5840 3644 5325 6451 1084 8622 8599 833
28 4788 2753 5458 7972 4798 8542 2615 3421 1151 8357 1334 107 1124 9372 2240 9092 9175 630 2508 5052 81 7494 419 241 1112 7322 8129 8137
28 9684 5689 9310 715 8549 2399 4423 4063 2141 2554 3520 961 5491 5014 1625 9297 2843 4860 6314 9219 3949 8235 8490 3715 7604 4004 9568 9438
28 3353 629 1046 8938 2442 9191 2138 4911 6547 7741 7358 1083 5834 5484 9884 4963 6783 7664 7233 4482 4708 4560 5351 4501 5529 8306 6220 3246
28 1942 4467 7412 4541 552 4302 8768 5587 3601 3097 8479 598 8895 8858 6673 7449 9303 8311 3000 2059 3334 5820 4198 7304 7380 3555 7543 229
28 3963 3260 8401 3984 4546 2047 2359 6490 2343 1274 2044 5674 1703 2488 1597 4371 5334 1208 5262 1488 5894 5667 8642 9682 1486 9962 4110 5648
28 2931 2497 3367 973 193 5949 1039 4083 4461 3694 6622 6326 809 4700 7594 12 5115 3019 4877 3585 8988 4844 9929 1015 6016 6620 4313 1340
28 8701 7504 51 8928 6197 2131 9140 1291 3807 7926 7578 1275 3620 5755 4697 3110 7981 4616 5735 5184 1478 3742 2770 895 8577 8253 7703 3643
28 1436 4398 5443 9279 2177 6411 86 1247 8473 69 6793 1236 4380 3667 6427 9660 3686 2223 4810 8199 8024 3759 3792 7977 400 616 97 877
28 4416 8996 2333 9801 9345 3415 1559 727 9108 8314 277 2664 7307 3862 5418 8789 6412 6926 7107 8468 9659 925 9083 279 2983 1210 1938 4945
28 6710 4281 2207 5384 3261 869 7898 2738 8543 6763 815 8827 9295 5938 2046 5347 8594 9079 6503 2241 2054 3425 3472 5248 4213 3885 8353 580
28 3579 2076 189 8153 6663 2165 2968 3144 5175 2805 2979 8545 4991 7829 1395 5424 4147 141 5428 6812 119 3455 9116 1866 7479 5397 6923 1402
28 3639 8368 8957 7716 9777 2519 1167 8298 8335 7789 2635 8519 2977 4261 1991 332 5373 7784 9886 3802 4355 1461 6499 610 8261 3879 551 3696
28 4066 8612 4712 9057 9181 4565 6884 7201 6782 9137 5782 2610 6716 1990 3169 2847 5409 7967 4856 2194 7337 5615 5590 1365 1481 4280 1736 8546
28 6975 6545 7957 5415 6758 3439 5565 5222 6001 9080 9096 9298 8624 7236 9580 453 9944 6874 9625 6390 5745 8447 5278 5515 6161 2540 7598 8360
28 9114 4749 854 4836 5237 4021 7524 1925 3298 2533 9344 617 9091 4298 7104 4388 9110 2481 3050 4138 808 4046 4547 5831 1677 1356 2712 2864
28 120 5598 7 9937 2955 9786 7591 6514 9912 2357 5394 6769 1239 2719 5866 4807 4534 3803 3186 3264 1271 3732 6232 5 3132 4114 2263 9158
28 6935 6306 7745 9454 7757 2596 8493 7816 2971 9547 3699 4477 6450 2311 1605 9544 7036 7835 7770 2869 8361 515 3874 6433 3289 2692 2039 2134
28 2347 5530 372 8408 4779 3542 7864 1241 3539 5220 1814 4496 8209 7369 642 8646 6618 1457 2463 3855 418 5231 5542 4620 9641 8310 9528 7425
28 2437 8389 29 2183 7617 7333 5309 7167 4773 2382 7085 185 5932 7964 8570 7748 8166 1132 3266 8012 4058 6560 2027 7386 3515 9179 9557 5957
28 8580 1079 1971 7226 7442 5137 8690 386 6645 1913 2272 1060 6931 165 6149 5751 7538 9337 1420 1367 5823 8428 8146 8499 9024 609 3664 9428
28 5177 588 5864 2222 6399 8990 4348 2103 5032 6714 4778 2128 5756 5427 8550 7991 5736 1856 5372 8455 1384 9832 5502 8800 4115 9878 3364 2972
28 5379 8781 806 8208 409 6394 158 1546 1399 7025 161 7002 6746 7401 736 2684 8162 2145 5966 5078 196 6414 6491 2670 840 7866 4562 220
28 4815 1783 8557 6419 9896 859 4928 4574 3410 7073 3898 3709 9765 599 9677 8172 2962 5494 5704 2185 8207 3865 6871 242 18 9913 7101 7250
28 3487 9893 9185 2127 9365 638 7599 4794 6298 6940 2900 6258 1417 8959 6760 1345 556 4285 6471 9081 4073 3428 4170 4279 5954 4941 6218 7439
28 3284 2837 7317 1603 5876 1304 6864 5193 901 778 8671 1262 8927 4368 2125 5094 9457 8750 2338 7084 5229 5214 7658 3646 4850 4544 3023 1352
28 2974 639 1608 8808 4781 5166 4218 7232 7083 849 3434 2457 2567 2595 84 7407 5323 825 6824 35 6537 1893 6901 6862 9417 4269 6924 4094
28 9347 2310 3412 3652 596 6067 1207 7103 8325 1054 7415 8710 752 9235 5481 4385 8997 8407 535 8940 7426 9717 6821 2602 2070 1564 2510 5390
28 1596 1141 3928 8635 5144 7871 6672 3827 9346 5006 5152 8230 757 693 2446 8821 554 1962 5679 5975 3868 1404 1459 4109 9565 7727 7454 5955
28 9380 570 9250 2760 7928 3463 6349 4251 9063 7039 7222 1300 1290 6526 8222 3040 1640 83 1458 6328 4375 6287 3908 1396 1534 7223 3678 3701
28 7690 937 8434 8911 3312 4337 3210 8141 6181 9431 8226 4720 1059 43 9976 7935 8923 2432 9243 3634 9131 980 6502 6462 9649 6797 7815 6032
28 7427 5986 5953 2492 6295 6290 922 26 6243 8011 991 6277 2166 8754 7824 7009 8524 2964 7938 9208 6025 5455 9097 4141 1219 4353 4479 5538
28 9480 4846 3074 3252 1031 8398 5501 3211 142 560 9529 6266 544 6878 222 2627 9320 3968 1896 1935 4791 9353 1455 740 7714 4992 7768 6725
28 5110 1289 4118 3638 7702 9477 3156 3530 7635 4468 6575 2580 9203 4641 7362 2459 1521 9855 7889 3762 4868 4226 6551 2403 6749 3959 7743 2406
28 1322 9726 4732 781 4179 8634 7766 1055 6841 9583 9869 9567 1533 4595 9174 2384 9373 9465 4263 1372 8981 3337 8010 7691 6907 8394 52 7618
28 4812 4821 7700 7026 2291 6666 4311 3977 9857 3596 1475 9051 8744 4205 6703 3314 376 7886 6239 6268 2430 9054 5580 5037 4775 8673 1398 8106
28 9237 875 4937 5344 9399 4326 6091 2603 3900 5385 2922 9412 3417 8111 338 1089 4360 7841 633 8775 5539 6058 6286 7301 9095 7723 8535 2509
28 6677 6489 73 8687 7849 9750 5698 672 1910 3804 7704 9064 7496 6998 9070 6792 658 3835 2855 2336 3716 8004 8109 9979 555 1914 8179 7418
28 450 2667 2049 3158 2529 3228 3717 6918 4039 5183 9290 5851 1839 323 1016 687 1696 9112 5578 7217 7725 4888 85 3109 5617 754 2697 8662
28 4359 2665 6329 9885 1341 5197 7845 2164 2473 499 2482 4325 8224 5888 751 1139 3285 4422 2495 1553 6134 8946 7467 2633 7601 6613 1401 4730
28 2017 5060 8850 2239 5861 3013 4328 2866 8503 8461 8337 6368 9354 2806 6336 9188 4317 9881 9577 259 4551 6684 2617 9846 7153 1293 947 5240
28 1916 9481 6109 9402 2940 7090 4792 6604 2011 9384 3584 7894 9495 8040 7308 796 5994 3580 7046 2695 8980 2620 2321 7696 1406 4452 423 7095
28 7920 147 3149 3139 7959 2116 5129 9829 3575 8034 2946 9864 1348 4363 2643 3060 8176 4684 1099 5302 6010 7252 6099 7098 1612 5733 7699 4637
28 2872 758 8096 3184 3407 2920 3927 6722 4463 8233 6632 1882 5288 1829 971 3119 6416 462 7187 182 7346 2307 4237 8087 3351 9705 7995 5377
28 3056 8265 694 4229 7729 8161 1377 4540 6532 826 4757 3892 1451 9156 3726 3165 6080 6745 7044 5149 9609 8154 9967 4787 8363 3801 6348 889
28 819 692 5769 595 9555 8300 9066 750 4163 9003 3313 6647 2471 4187 6740 836 3449 8082 8232 5741 6354 5941 3689 7503 303 3653 9535 3512
28 8645 2324 8567 4168 2998 667 4598 1811 1326 1587 5371 829 8894 5583 5678 5450 1869 1601 541 214 1717 3593 9452 7573 6369 5116 2817 3047
28 2868 5640 6916 1369 2475 8529 7769 5653 3889 1581 8246 9212 8869 3331 7515 7525 2279 1588 899 8506 4007 401 70 8416 5114 6614 8842 2489
28 6388 7735 99 1091 9802 2511 4830 2525 5097 4394 517 9084 3673 9907 82 1550 6293 1648 9882 8406 4751 6138 5725 4881 32 7547 5487 8900
28 5081 1361 4913 4577 1438 6796 170 367 1090 149 1538 5765 4650 9833 3107 8071 11 6355 2597 8108 223 5757 3778 9379 6541 4121 9622 8571
28 199 1618 476 3832 7642 5699 7174 3976 9176 704 9257 3955 7756 1443 5434 9761 4492 6373 2319 1799 4131 777 5295 6378 5005 8279 3893 7450
28 5206 8558 6281 4950 8280 3952 5119 7951 4324 9759 1687 7657 5591 5285 1374 7631 5466 9954 6458 4905 3244 8986 3328 3471 7919 8047 627 4623
28 1230 8902 7516 5618 7270 9336 6146 8259 5670 5706 200 759 4627 6477 396 6271 8977 1316 7992 5219 5730 6937 9085 2919 7390 1843 9922 188
28 5025 2524 9634 4929 4381 7020 2378 9791 1904 724 8320 936 9603 9043 6986 6887 4507 6422 9721 6276 3524 9197 7212 4062 3223 1198 9669 7531
28 668 3931 1064 4543 2318 9667 4611 7149 2467 2572 8723 50 6100 791 234 9866 9685 8110 3072 494 7359 7953 7024 1312 4057 723 6832 2985
28 4320 5846 1270 8719 5241 644 9381 5258 6896 175 321 1053 1228 8731 5860 7558 8159 5937 5686 4024 3917 1574 1511 6020 8331 6900 6530 7600
28 7534 5958 8623 1835 9242 7314 9123 2824 7194 9023 9665 5535 1728 3082 7493 9217 232 9680 9771 1965 2162 6669 990 2934 5657 4932 3206 6736
28 1668 3621 5030 8321 3311 6158 498 2785 4969 7892 2807 3183 7344 7679 8076 8833 5169 1847 6947 7238 5943 1376 867 1430 3254 7707 2553 6697
28 1562 8192 6576 526 3764 3863 5841 9420 5933 7895 4947 294 388 6561 5628 173 9807 7315 7787 8967 8591 885 9141 5287 2015 5381 9525 6974
28 1749 6409 6528 472 1919 9738 2404 8966 1759 6687 8585 309 7540 9147 1456 3675 6580 3121 3192 124 7295 8296 8861 8177 1351 3782 8112 8984
28 6699 3765 5012 1609 7416 8782 7628 2451 8537 969 2084 3292 3727 8598 6867 3368 3309 4599 8088 8523 1448 9720 3938 6876 1858 5185 9050 247
28 5199 1879 7056 3233 4510 271 3276 23 4998 6912 4352 221 7324 7655 4822 9687 4764 8060 7813 2087 9581 6033 6048 377 9059 2705 2315 4221
28 2520 1680 7499 76 7639 4891 8267 9088 9666 4031 6006 8907 3253 8878 4987 6872 9276 183 8255 7742 1119 1966 1744 7676 3633 8149 4227 9582
28 207 4644 9332 9828 7229 6496 8657 513 2543 7157 375 2522 4250 677 1755 1325 5413 2376 1429 1095 5719 9172 1037 7016 5326 5101 4652 9593
28 8328 2201 9045 5503 2168 9157 7447 3582 2999 1868 6269 3162 7882 1224 7097 9633 2056 3500 2849 2591 3306 6049 1249 4573 7530 4070 4699 8807
28 7001 4805 6600 5500 8324 9421 6634 8197 3811 8799 5448 7791 4659 2791 8525 9719 4107 3102 4502 622 6982 3111 7027 2048 1765 9949 8649 7438
28 1454 1831 1142 1522 2259 1780 7451 1245 5124 2220 5180 9987 4953 2429 3375 4042 101 7518 8497 1763 7996 2123 2237 7535 4977 5303 2578 4275
28 7064 9919 2122 4017 5759 6273 4917 9152 4268 708 2640 1472 1033 4158 6482 2935 4146 3480 74 530 6592 8466 3360 6837 5361 2663 9135 7779
28 186 1686 3884 9940 6615 660 3112 7343 3985 5623 48 6934 9898 5661 2647 7489 2965 6948 5120 5589 3403 534 1213 9650 5341 7613 4125 3988
28 8067 1433 7266 7506 7224 5106 1501 1463 4689 8572 5792 5688 2040 431 4336 9392 5109 3793 8044 6366 648 888 5685 3130 9463 6445 9862 5495
28 6483 1359 863 4517 9970 1957 8358 3756 1816 8597 9149 7299 9988 5607 3806 8934 3761 3413 1595 7428 9471 6850 1186 3799 6564 6827 1127 7289
28 2035 6007 94 5934 4840 4165 7811 8420 8677 7566 4140 1272 9277 4733 966 5635 9033 9948 4366 6334 7922 3611 3676 328 3905 9007 5882 351
28 4976 7396 2337 6927 8317 3055 8312 9762 5891 215 5818 9132 9291 3344 3936 1827 9160 7545 6073 6346 4410 6583 2812 9448 2330 2143 9251 5314
28 288 5096 8694 5880 3209 2768 2132 4949 1004 8985 939 2571 7144 2755 8113 9711 5773 2878 6353 4802 3278 5311 9999 1571 4617 4195 682 7491
28 7227 1373 2052 9274 9400 8139 9668 8605 7614 6608 4262 653 3538 3519 4156 2699 49 7276 1177 8564 601 6389 6021 5585 3077 7348 589 8975
28 3496 9784 9628 3720 8661 9994 5837 2990 8502 6839 9712 4097 4497 2455 2246 4036 8836 8746 4183 4299 1237 9966 3216 9099 9308 7990 7576 8507
28 2648 9797 3422 4960 804 6203 8880 7777 8834 4545 3527 3240 2733 6546 699 7611 5420 6571 8122 4005 9234 3026 9773 7610 3053 4825 4277 9837
28 5216 2038 6563 5889 104 2303 6183 1569 8031 1116 7028 9980 1730 2126 1212 8165 8260 1715 6770 3217 8269 1088 1042 5869 8693 5474 4133 9924
28 9512 3004 5245 4340 628 8508 6178 735 780 6708 957 3325 2890 7695 9911 6662 6064 1386 9703 5410 308 1669 9387 3150 6573 1623 6917 9755
28 5171 9459 1008 7470 8771 2431 2808 6626 5189 317 9036 801 7059 3083 7584 1800 8276 9390 9519 7202 4884 7822 9413 2579 5259 665 1072 3640
28 5061 6690 7256 4096 6357 5509 5475 7649 3 6438 6596 8806 9008 3173 1862 8759 2515 6439 6823 7360 3356 9119 6639 771 4909 3464 9040 9444
28 6117 1620 4451 4488 5877 3174 522 9414 6177 4405 6282 8889 6902 1162 2830 1048 6825 3624 4417 9078 5553 1286 3054 9120 7161 6066 7000 8640
28 8763 8510 6586 9049 7874 8875 2825 4696 8540 7049 3182 9824 6187 3492 9522 9485 2320 1320 7262 5836 3383 9516 3737 817 5423 1427 6051 3981
28 6548 6356 5118 1324 3654 4167 9562 208 8333 8637 992 6495 5102 6667 8896 6374 7554 1040 8562 7715 2661 3382 7764 822 5805 8804 7732 9793
28 9536 5065 7681 9192 358 9100 8477 7209 9554 7241 4895 9306 8070 3846 6267 6578 4669 5451 6305 1989 5921 843 9818 2781 2117 6460 5088 5497
28 8339 439 3287 5456 4231 1264 9022 4060 9897 6557 5286 2462 994 6162 6757 8119 9492 6480 8318 4402 1626 5053 927 380 7179 3777 3010 3459
28 316 2137 8160 9133 1720 5238 1123 403 8601 5355 4661 9894 6945 9182 982 8006 1688 1482 7828 7035 4847 2277 6164 5783 71 5610 5775 5276
28 2379 3632 8560 5575 327 3682 2914 7633 6245 8074 2249 5684 9271 1387 4849 9860 9936 8801 8351 3805 4171 2637 8 2888 591 9401 3123 1964
28 6747 6246 8536 1945 6254 9585 411 4538 1727 824 3914 8838 1530 7137 2407 4396 5157 7636 924 8811 7424 1899 2230 4232 6805 4474 850 6791
28 7473 9975 4848 341 7067 9356 5829 4136 7431 2691 2638 3365 960 6497 2722 4824 9205 6018 9397 9258 2418 5122 5253 8683 3433 2720 3728 5632
28 8734 4208 1382 8415 6860 8472 3809 4134 7941 9443 9511 7574 7086 5749 8078 3376 2424 6070 4843 2370 5021 8170 7353 5662 7643 2112 886 5029
28 5619 6960 1041 2582 1047 5044 6795 2811 7807 1979 1970 2109 3603 5995 6654 7502 7193 8559 6764 7004 1563 1023 871 8520 8019 6885 4820 7602
28 2992 9367 5672 7365 15 4273 8600 2747 8554 6396 7693 1791 9348 9327 4270 6991 456 1646 9014 4532 8729 2688 5445 7041 2966 7505 3819 9486
28 8755 9656 2498 855 5611 3604 3605 6664 7800 5075 4015 4651 6212 4084 711 2721 226 150 4719 7529 6331 6971 2252 6505 643 3887 720 7585
28 2826 2414 5703 8852 523 5022 6455 9729 7513 4290 8738 7138 6210 7474 9165 7915 6933 4829 8936 8783 192 7846 1009 8098 1912 7559 5762 4181
28 9018 2434 8171 5121 4852 5596 2910 6698 7520 8431 4023 9713 546 919 4101 1283 9002 8881 6030 6804 3996 7320 2476 4185 8644 1400 2556 2902
28 2736 5328 3513 9690 6057 4030 9968 4240 7339 3763 9920 2494 113 5473 5624 6799 4983 1394 6087 8263 1775 7391 2707 5808 3982 3255 945 2292
28 3906 4316 3363 8451 3092 716 2614 5346 3396 9430 416 6938 8736 482 2662 3514 8125 5000 8830 9474 7388 2255 434 2557 8271 6320 4628 7331
28 2099 8182 770 5817 8327 5425 7678 4523 8663 3766 8648 8518 6 7511 4056 1168 5136 1946 1992 7608 2794 5859 3848 330 4254 6761 4248 3607
28 5952 9416 204 8596 8877 3406 236 6702 5807 1888 1281 2599 5162 7328 9343 4743 1233 9246 747 4035 1653 4872 3771 5310 7713 8075 1113 9362
28 7948 8061 6997 5444 6094 2140 9451 5217 4880 4411 5556 659 9993 5366 3861 9071 977 9689 3693 5364 2285 1920 454 786 1030 4438 3577 5592
28 4718 4470 8005 1710 9318 4306 9220 7446 5232 9694 564 5795 1327 1983 641 4439 674 553 4610 6790 3441 3341 1732 8326 8733 5729 6905 9309
28 5536 2085 2952 1379 116 7349 9612 6848 1266 2743 503 8099 7884 4424 7686 3945 9639 6036 8417 4184 3453 2535 2803 5726 8917 6228 6709 7801
28 4832 6582 1082 1742 1174 3545 7204 5906 6766 9748 2486 4549 6605 324 9229 6488 5338 7012 2676 1716 2752 1967 3774 769 4859 5543 4707 7552
28 9890 5511 6508 905 8486 3227 5724 7607 5001 9619 2674 7712 918 489 5313 1956 1704 9811 2829 6694 1855 9500 6345 5438 5108 7211 2396 1028
28 9808 3318 420 1 563 5404 8886 7587 8059 1226 1906 1902 8762 3618 710 5597 7982 8856 9067 2080 1526 262 6949 7733 3683 873 2727 2778
28 7106 1545 2967 8026 3438 4500 1411 5772 7048 9556 9315 8349 2761 8364 1911 6223 2233 8914 6574 6012 8120 7856 593 1111 7562 8805 618 2598
28 1178 749 4173 998 3626 9618 4930 1794 1115 3342 3768 6704 5778 2730 9743 5228 6160 2560 9672 3679 1445 8840 9168 1968 9700 1641 47 3609
28 3576 5498 5746 6601 7313 7575 359 2150 8213 1248 4503 6809 2257 326 2739 7173 468 5492 1941 5359 4686 5603 3522 8590 258 4933 6794 5902
28 8065 2108 9193 6713 9016 2908 6176 7279 27 1898 379 9227 4453 9171 2395 4635 4291 2818 5139 686 1936 7809 5612 2577 1861 2696 5737 3086
28 7934 6106 8459 357 5793 4634 405 4528 762 1642 4524 1354 9180 2411 5643 9432 3933 6090 7125 2657 5104 9368 2258 838 6302 712 5806 2892
28 7662 972 8749 8945 5525 8867 4091 1122 776 7461 6129 2101 8527 7921 1397 5483 8185 5967 9255 5687 8676 8735 9927 3049 6327 3229 3586 6506
28 45 2881 1299 9856 8958 7088 9261 6092 3569 1238 842 5523 4607 3881 8136 3120 519 125 5400 9265 9863 9351 3319 3057 8544 2681 2200 9482
28 8670 1821 8583 3613 2189 798 8705 6481 4630 8650 3541 3505 8707 831 3662 4550 6400 7526 5576 679 2834 1840 4367 7773 914 2273 2385 53
28 7284 8964 1102 1034 7855 8818 3147 1961 9453 7071 5973 3168 9442 7310 3546 6828 1984 837 8741 5467 478 2653 3326 6154 1617 9248 2650 2774
28 4529 795 7963 7242 4526 9752 4675 6206 6590 8533 4027 9013 5744 6449 4433 9238 5218 1297 5221 2042 4988 3140 626 4515 6175 6985 823 1447
28 7675 9423 3151 3743 9424 1134 89 6680 620 4920 3400 2762 7034 3856 1651 926 4267 767 1255 7668 7936 9154 1874 6994 1745 9282 4193 726
28 7975 3556 7799 9950 9458 8000 9607 9524 4887 1531 2759 3416 366 4522 1836 7659 6342 6611 7400 7040 6027 8480 6192 9268 1062 2025 2845 5912
28 4088 6893 90 4002 1974 6811 9105 3357 1234 8925 2094 7673 3566 1491 9263 8247 9957 6738 443 9273 6253 4012 493 8084 900 7010 9673 3697
28 3615 3440 4235 7243 7827 4602 8774 9932 293 3129 5489 5890 9804 4894 603 8228 5380 3816 8348 9805 9880 1477 1452 5614 5279 2433 6135 6126
28 6903 7792 3698 696 1422 5249 8897 2932 8682 6629 2645 938 206 7523 9355 9498 6693 110 5433 9047 4152 585 362 3800 2106 2256 6011 7514
28 5875 5815 1767 5675 9151 9608 1170 6993 154 4585 4283 5563 7023 8043 9020 1133 2854 3533 5389 7051 3599 4330 9906 3497 7836 3669 7055 5282
28 9812 3230 883 7356 6624 391 3052 2621 5855 6891 8234 9756 6873 3776 615 4521 7371 6358 1194 7171 3583 2314 9283 8761 3824 8307 3409 9259
28 2436 3302 7033 8376 6631 9223 6983 2460 7624 2281 1725 1358 1193 1105 7837 8128 2386 7082 7634 7960 2552 6014 413 3612 1726 7292 9561 8618
28 4054 1317 9916 1100 8910 5446 9331 7767 5476 4123 5879 8051 8244 4893 1714 8698 4582 2484 4968 2944 1927 7383 2008 56 6779 1129 951 3445
28 1718 4305 3347 2835 8893 1805 3201 3943 7399 1301 3867 4978 5814 6362 6376 2877 3248 8727 6696 3481 3372 1309 1087 6829 3916 9575 2079 3007
28 361 8442 8029 4407 3779 8033 3796 8870 3637 6075 1590 8633 1108 1520 2961 7045 7464 7527 7555 5963 3890 1120 7717 7228 4955 3370 6515 7533
28 9930 2160 8204 8210 3677 3875 7117 1689 8561 6952 5339 4234 6910 2066 5405 9317 5211 6849 7923 7166 1846 7251 6535 2737 7682 5914 3265 7881
28 1875 1514 820 8392 575 2549 590 2938 5150 9293 7445 6914 7154 7632 8421 8184 417 9626 524 2423 2477 4563 1774 22 8866 479 3713 4668
28 5507 5599 415 7646 4003 1631 5771 1346 9275 3402 7568 2478 7751 2218 348 3087 1051 3744 4202 383 2064 4361 8286 9931 6833 2107 7121 5508
28 4670 8346 6756 6310 1140 4568 1487 3462 1144 1464 9769 4450 7372 9062 6956 5826 3993 7133 5646 8512 574 3380 7475 4166 4967 6457 8841 1258
28 369 1582 8556 6656 8655 8739 9734 3088 1069 3235 3957 5843 6429 8028 3937 4765 9484 4356 788 9330 4727 449 6638 2715 548 3590 5176 645
28 6932 1667 5401 7440 1435 2238 3450 9782 4427 6343 2019 7593 7248 5925 9591 3189 9637 1383 7832 6272 3672 4734 4435 5370 2630 8239 7018 605
28 6568 3784 8140 8336 9809 2575 8131 287 2248 2309 5561 8574 6936 7093 9189 2782 3755 860 9186 2182 5333 7334 6989 6803 5951 3739 9778 1818
28 7625 9446 1852 6984 2584 1176 1576 4327 3860 5557 1700 3411 4857 4946 944 9144 7265 6978 8418 1779 4717 3304 8685 2534 3692 7788 8121 8939
28 6856 920 4695 5919 8032 1810 6889 1769 8767 7661 5002 2790 3208 6059 2344 8189 2978 5644 486 3610 508 2435 2558 1189 9671 907 305 3749
28 2276 7890 4837 3401 1639 5465 7944 9241 9170 2060 4455 9651 9827 2723 6737 803 5531 5794 4910 5054 8551 9958 7539 5224 7417 6184 4201 9280
28 8243 7726 2021 1549 4436 7296 5056 8929 2939 9691 8155 6423 134 7406 3204 1552 387 7823 7749 1870 5989 9469 1343 3503 5637 5188 7556 8848
28 4067 5358 8942 3069 9360 7436 7605 8287 913 1963 3221 6660 7660 2669 9032 6516 8115 3345 8356 7753 9688 5911 4331 9599 3476 3457 117 4839
28 5913 1698 1050 5087 3429 8485 1165 4862 8308 140 5067 6636 8483 9879 4747 6240 5960 8270 4729 4571 6319 4038 3537 797 613 3329 2564 8534
28 301 1721 5141 2897 2304 5168 8214 3896 8274 7434 6552 1820 5472 9060 9847 9624 6121 381 8814 7798 8183 2496 3437 4247 3920 452 102 2701
28 2839 6230 5922 7680 3106 581 8018 2757 5838 1973 2229 7457 4796 9232 5091 60 8212 8802 501 6973 619 5962 2740 5449 6774 8195 1948 2174
28 8620 5896 2651 5292 7622 1003 5123 6185 8700 5982 9473 2907 6464 4854 4518 4188 2673 1853 1864 9134 8225 2439 9468 3185 9632 5555 1223 4674
28 3534 9986 8494 7220 2605 6252 1933 3826 5659 7933 4664 1619 8839 6136 728 7590 5077 8330 5944 6941 3656 1785 6685 1005 1507 7896 8198 9202
28 4350 9462 8716 9027 3393 4537 9770 8595 5269 1949 6405 4157 703 9826 5821 6167 7207 1302 7387 6701 3279 9854 8653 8429 8025 2666 3197 4516
28 354 3864 2398 6507 8370 8874 6408 9415 4782 5207 9616 1650 3033 2970 5469 536 4304 8665 2472 7005 4614 7965 8517 2154 3386 8828 6379 96
