3 281 255 204
3 161 176 274
3 228 174 40
3 296 100 205
3 209 235 18
3 206 260 79
3 256 164 22
3 193 124 219
3 290 153 165
3 93 194 292
3 13 299 117
3 95 168 295
3 278 99 159
3 35 6 243
3 149 145 229
3 224 198 17
3 266 120 97
3 123 286 143
3 127 157 220
3 61 92 114
3 113 158 293
3 201 208 221
3 14 128 216
3 3 70 167
3 30 130 0
3 250 202 234
3 170 207 36
3 132 183 180
3 196 103 269
3 252 64 8
3 177 106 32
3 192 118 253
3 45 104 38
3 175 15 81
3 59 119 1
3 7 71 262
3 136 69 137
3 215 51 162
3 75 244 187
3 140 240 63
3 248 12 270
3 58 19 276
3 27 191 28
3 105 237 151
3 82 142 96
3 273 134 41
3 24 160 20
3 186 50 23
3 121 231 16
3 108 85 188
3 139 4 2
3 152 90 225
3 182 199 275
3 214 268 150
3 233 56 48
3 109 125 33
3 283 203 57
3 44 251 232
3 173 263 197
3 107 111 297
3 146 29 10
3 67 217 257
3 115 73 181
3 242 80 178
3 294 284 280
3 60 94 267
3 163 74 185
3 238 241 166
3 227 86 155
3 68 254 141
3 148 52 169
3 78 112 247
3 171 84 223
3 21 147 102
3 101 76 226
3 189 236 298
3 62 211 53
3 66 200 264
3 55 77 88
3 230 110 285
3 172 195 138
3 98 144 287
3 218 126 89
3 265 37 282
3 272 135 49
3 122 259 179
3 156 246 65
3 91 87 116
3 133 239 54
3 26 31 46
3 5 34 131
3 154 249 83
3 210 9 271
3 222 289 47
3 39 184 258
3 129 25 42
3 277 190 245
3 288 279 213
3 72 291 11
3 43 261 212
